Log file open, 01/01/18 14:25:40
LogInit:Display: Running engine for game: BuildingEscape
LogPlatformFile: Not using cached read wrapper
LogInit:Display: RandInit(1652615538) SRandInit(1652615538).
LogTaskGraph: Started task graph with 5 named threads and 8 total threads with 1 sets of task threads.
LogStats: Stats thread started at 0.206706
LogInit: Using libcurl 7.47.1
LogInit:  - built for x86_64-pc-win32
LogInit:  - supports SSL with OpenSSL/1.0.2g
LogInit:  - supports HTTP deflate (compression) using libz 1.2.8
LogInit:  - other features:
LogInit:      CURL_VERSION_SSL
LogInit:      CURL_VERSION_LIBZ
LogInit:      CURL_VERSION_IPV6
LogInit:      CURL_VERSION_ASYNCHDNS
LogInit:      CURL_VERSION_LARGEFILE
LogInit:      CURL_VERSION_IDN
LogInit:  CurlRequestOptions (configurable via config and command line):
LogInit:  - bVerifyPeer = false  - Libcurl will NOT verify peer certificate
LogInit:  - bUseHttpProxy = false  - Libcurl will NOT use HTTP proxy
LogInit:  - bDontReuseConnections = false  - Libcurl will reuse connections
LogInit:  - CertBundlePath = nullptr  - Libcurl will use whatever was configured at build time.
LogInit: Build: ++UE4+Release-4.16-CL-3561208
LogInit: Engine Version: 4.16.3-3561208+++UE4+Release-4.16
LogInit: Compatible Engine Version: 4.16.0-3452394+++UE4+Release-4.16
LogInit: Net CL: 3452394
LogDevObjectVersion: Number of dev versions registered: 16
LogDevObjectVersion:   Dev-Blueprints (B0D832E4-1F89-4F0D-ACCF-7EB736FD4AA2): 9
LogDevObjectVersion:   Dev-Build (E1C64328-A22C-4D53-A36C-8E866417BD8C): 0
LogDevObjectVersion:   Dev-Core (375EC13C-06E4-48FB-B500-84F0262A717E): 2
LogDevObjectVersion:   Dev-Editor (E4B068ED-F494-42E9-A231-DA0B2E46BB41): 17
LogDevObjectVersion:   Dev-Framework (CFFC743F-43B0-4480-9391-14DF171D2073): 23
LogDevObjectVersion:   Dev-Mobile (B02B49B5-BB20-44E9-A304-32B752E40360): 0
LogDevObjectVersion:   Dev-Networking (A4E4105C-59A1-49B5-A7C5-40C4547EDFEE): 0
LogDevObjectVersion:   Dev-Online (39C831C9-5AE6-47DC-9A44-9C173E1C8E7C): 0
LogDevObjectVersion:   Dev-Physics (78F01B33-EBEA-4F98-B9B4-84EACCB95AA2): 0
LogDevObjectVersion:   Dev-Platform (6631380F-2D4D-43E0-8009-CF276956A95A): 0
LogDevObjectVersion:   Dev-Rendering (12F88B9F-8875-4AFC-A67C-D90C383ABD29): 15
LogDevObjectVersion:   Dev-Sequencer (7B5AE74C-D270-4C10-A958-57980B212A5A): 4
LogDevObjectVersion:   Dev-VR (D7296918-1DD6-4BDD-9DE2-64A83CC13884): 0
LogDevObjectVersion:   Dev-LoadTimes (C2A15278-BFE7-4AFE-6C17-90FF531DF755): 1
LogDevObjectVersion:   Private-Geometry (6EACA3D4-40EC-4CC1-B786-8BED09428FC5): 1
LogDevObjectVersion:   Dev-AnimPhys (29E575DD-E0A3-4627-9D10-D276232CDCEA): 3
LogInit: Compiled (64-bit): Jul 28 2017 11:49:47
LogInit: Compiled with Visual C++: 19.00.24215.01
LogInit: Build Configuration: Development
LogInit: Branch Name: ++UE4+Release-4.16
LogInit: Command line: -EpicPortal 
LogInit: Base directory: C:/Program Files/Epic Games/UE_4.16/Engine/Binaries/Win64/
LogInit: Installed Engine Build: 1
LogInit: Presizing for max 8388607 objects, including 0 objects not considered by GC, pre-allocating 0 bytes for permanent pool.
LogInit: Object subsystem initialized
[2018.01.01-19.25.41:616][  0]LogInit: Selected Device Profile: [Windows]
[2018.01.01-19.25.41:617][  0]LogInit: Applying CVar settings loaded from the selected device profile: [Windows]
[2018.01.01-19.25.41:764][  0]LogInit: Computer: LAPTOP-3MK2NOUI
[2018.01.01-19.25.41:764][  0]LogInit: User: tmeni
[2018.01.01-19.25.41:764][  0]LogInit: CPU Page size=4096, Cores=4
[2018.01.01-19.25.41:764][  0]LogInit: High frequency timer resolution =2.531250 MHz
[2018.01.01-19.25.41:764][  0]LogMemory: Memory total: Physical=7.8GB (8GB approx)
[2018.01.01-19.25.41:764][  0]LogMemory: Platform Memory Stats for Windows
[2018.01.01-19.25.41:764][  0]LogMemory: Process Physical Memory: 273.82 MB used, 273.82 MB peak
[2018.01.01-19.25.41:764][  0]LogMemory: Process Virtual Memory: 260.93 MB used, 260.93 MB peak
[2018.01.01-19.25.41:764][  0]LogMemory: Physical Memory: 7126.98 MB used,  892.80 MB free, 8019.78 MB total
[2018.01.01-19.25.41:764][  0]LogMemory: Virtual Memory: 676.63 MB used,  892.80 MB free, 134217728.00 MB total
[2018.01.01-19.25.41:844][  0]LogInit: Using OS detected language (en-US).
[2018.01.01-19.25.41:844][  0]LogInit: Using OS detected locale (en-US).
[2018.01.01-19.25.42:691][  0]LogTextLocalizationManager: No specific localization for 'en-US' exists, so the 'en' localization will be used.
[2018.01.01-19.26.15:297][  0]LogD3D11RHI: D3D11 adapters:
[2018.01.01-19.26.15:645][  0]LogD3D11RHI:    0. 'NVIDIA GeForce GTX 960M' (Feature Level 11_0)
[2018.01.01-19.26.15:645][  0]LogD3D11RHI:       4065/0/4009 MB DedicatedVideo/DedicatedSystem/SharedSystem, Outputs:2, VendorId:0x10de
[2018.01.01-19.26.15:652][  0]LogD3D11RHI:    1. 'Intel(R) HD Graphics 530' (Feature Level 11_0)
[2018.01.01-19.26.15:652][  0]LogD3D11RHI:       128/0/4009 MB DedicatedVideo/DedicatedSystem/SharedSystem, Outputs:0, VendorId:0x8086
[2018.01.01-19.26.15:654][  0]LogD3D11RHI:    2. 'Microsoft Basic Render Driver' (Feature Level 11_0)
[2018.01.01-19.26.15:654][  0]LogD3D11RHI:       0/0/4009 MB DedicatedVideo/DedicatedSystem/SharedSystem, Outputs:0, VendorId:0x1414
[2018.01.01-19.26.15:654][  0]LogD3D11RHI: Chosen D3D11 Adapter: 0
[2018.01.01-19.26.15:662][  0]LogD3D11RHI: Creating new Direct3DDevice
[2018.01.01-19.26.15:662][  0]LogD3D11RHI:     GPU DeviceId: 0x139b (for the marketing name, search the web for "GPU Device Id")
[2018.01.01-19.26.15:662][  0]LogWindows: EnumDisplayDevices:
[2018.01.01-19.26.15:662][  0]LogWindows:    0. 'Intel(R) HD Graphics 530' (P:0 D:1)
[2018.01.01-19.26.15:662][  0]LogWindows:    1. 'Intel(R) HD Graphics 530' (P:1 D:1)
[2018.01.01-19.26.15:662][  0]LogWindows:    2. 'Intel(R) HD Graphics 530' (P:0 D:0)
[2018.01.01-19.26.15:662][  0]LogWindows: DebugString: GetVideoDriverDetailsInvalid PrimaryIsNotTheChoosenAdapter GetVideoDriverDetailsInvalid PrimaryIsNotTheChoosenAdapter GetVideoDriverDetailsInvalid PrimaryIsNotTheChoosenAdapter FoundDriverCount:0 
[2018.01.01-19.26.15:662][  0]LogD3D11RHI:     Adapter Name: NVIDIA GeForce GTX 960M
[2018.01.01-19.26.15:662][  0]LogD3D11RHI:   Driver Version: Unknown (internal:Unknown, unified:Unknown)
[2018.01.01-19.26.15:662][  0]LogD3D11RHI:      Driver Date: Unknown
[2018.01.01-19.26.15:662][  0]LogRHI: Texture pool is 1361 MB (70% of 1945 MB)
[2018.01.01-19.26.15:687][  0]LogD3D11RHI: Async texture creation enabled
[2018.01.01-19.26.16:292][  0]LogD3D11RHI: GPU Timing Frequency: 1000.000000 (Debug: 2 1)
[2018.01.01-19.26.16:293][  0]LogShaderCompilers: Guid format shader working directory is -49 characters bigger than the processId version (../../../../../../Users/tmeni/Documents/GitHub/UnrealTutorial/03_BuildingEscape/BuildingEscape/Intermediate/Shaders/WorkingDirectory/19896/).
[2018.01.01-19.26.16:293][  0]LogShaderCompilers: Cleaned the shader compiler working directory 'C:/Users/tmeni/AppData/Local/Temp/UnrealShaderWorkingDir/5A5B48D04DA6F9EDEBE417B555CC55AB/'.
[2018.01.01-19.26.16:293][  0]LogShaderCompilers:Display: Using Local Shader Compiler.
[2018.01.01-19.26.30:317][  0]LogTemp:Display: Loaded TP AllDesktopTargetPlatform
[2018.01.01-19.26.30:371][  0]LogTemp:Display: Loaded TP MacClientTargetPlatform
[2018.01.01-19.26.30:463][  0]LogTemp:Display: Loaded TP MacNoEditorTargetPlatform
[2018.01.01-19.26.30:575][  0]LogTemp:Display: Loaded TP MacServerTargetPlatform
[2018.01.01-19.26.30:657][  0]LogTemp:Display: Loaded TP MacTargetPlatform
[2018.01.01-19.26.30:711][  0]LogTemp:Display: Loaded TP WindowsClientTargetPlatform
[2018.01.01-19.26.30:781][  0]LogTemp:Display: Loaded TP WindowsNoEditorTargetPlatform
[2018.01.01-19.26.30:836][  0]LogTemp:Display: Loaded TP WindowsServerTargetPlatform
[2018.01.01-19.26.30:881][  0]LogTemp:Display: Loaded TP WindowsTargetPlatform
[2018.01.01-19.26.30:973][  0]LogTemp:Display: Loaded TP AndroidTargetPlatform
[2018.01.01-19.26.31:026][  0]LogTemp:Display: Loaded TP Android_ASTCTargetPlatform
[2018.01.01-19.26.31:078][  0]LogTemp:Display: Loaded TP Android_ATCTargetPlatform
[2018.01.01-19.26.31:130][  0]LogTemp:Display: Loaded TP Android_DXTTargetPlatform
[2018.01.01-19.26.31:182][  0]LogTemp:Display: Loaded TP Android_ETC1TargetPlatform
[2018.01.01-19.26.31:235][  0]LogTemp:Display: Loaded TP Android_ETC2TargetPlatform
[2018.01.01-19.26.31:339][  0]LogTemp:Display: Loaded TP Android_MultiTargetPlatform
[2018.01.01-19.26.31:339][  0]LogTemp:Display: Loaded TP Android_PVRTCTargetPlatform
[2018.01.01-19.26.31:382][  0]LogTemp:Display: Loaded TP HTML5TargetPlatform
[2018.01.01-19.26.31:532][  0]LogTemp:Display: Loaded TP IOSTargetPlatform
[2018.01.01-19.26.31:565][  0]LogTemp:Display: Loaded TP TVOSTargetPlatform
[2018.01.01-19.26.31:615][  0]LogTemp:Display: Loaded TP LinuxClientTargetPlatform
[2018.01.01-19.26.31:668][  0]LogTemp:Display: Loaded TP LinuxNoEditorTargetPlatform
[2018.01.01-19.26.31:723][  0]LogTemp:Display: Loaded TP LinuxServerTargetPlatform
[2018.01.01-19.26.31:838][  0]LogTemp:Display: Loaded TP LinuxTargetPlatform
[2018.01.01-19.26.31:838][  0]LogTargetPlatformManager:Display: Building Assets For Windows
[2018.01.01-19.26.32:568][  0]LogDerivedDataCache:Display: Max Cache Size: 512 MB
[2018.01.01-19.26.34:986][  0]LogDerivedDataCache: Loaded boot cache 2.42s 90MB C:/Users/tmeni/AppData/Local/UnrealEngine/4.16/DerivedDataCache/Boot.ddc.
[2018.01.01-19.26.34:986][  0]LogDerivedDataCache:Display: Loaded Boot cache: C:/Users/tmeni/AppData/Local/UnrealEngine/4.16/DerivedDataCache/Boot.ddc
[2018.01.01-19.26.34:986][  0]LogDerivedDataCache: FDerivedDataBackendGraph:  Pak pak cache file ../../../../../../Users/tmeni/Documents/GitHub/UnrealTutorial/03_BuildingEscape/BuildingEscape/DerivedDataCache/DDC.ddp not found, will not use a pak cache.
[2018.01.01-19.26.34:986][  0]LogDerivedDataCache: Unable to find inner node Pak for hierarchical cache Hierarchy.
[2018.01.01-19.26.34:986][  0]LogDerivedDataCache: FDerivedDataBackendGraph:  CompressedPak pak cache file ../../../../../../Users/tmeni/Documents/GitHub/UnrealTutorial/03_BuildingEscape/BuildingEscape/DerivedDataCache/Compressed.ddp not found, will not use a pak cache.
[2018.01.01-19.26.34:986][  0]LogDerivedDataCache: Unable to find inner node CompressedPak for hierarchical cache Hierarchy.
[2018.01.01-19.26.35:004][  0]LogDerivedDataCache:Display: Pak cache opened for reading ../../../Engine/DerivedDataCache/Compressed.ddp.
[2018.01.01-19.26.35:017][  0]LogDerivedDataCache: Using Local data cache path C:/Users/tmeni/AppData/Local/UnrealEngine/Common/DerivedDataCache: Writable
[2018.01.01-19.26.35:028][  0]LogMaterial: Verifying Global Shaders for PCD3D_SM5
[2018.01.01-19.26.35:028][  0]LogSlate: Using Freetype 2.6.0
[2018.01.01-19.26.35:065][  0]LogSlate: SlateFontCache - WITH_FREETYPE: 1, WITH_HARFBUZZ: 1
[2018.01.01-19.26.35:065][  0]LogSlate: SlateFontCache - WITH_FREETYPE: 1, WITH_HARFBUZZ: 1
[2018.01.01-19.26.42:793][  0]LogInit: Selected Device Profile: [Windows]
[2018.01.01-19.26.42:866][  0]LogContentStreaming: Texture pool size is 0.00 MB
[2018.01.01-19.26.43:138][  0]LogMeshUtilities: Using QuadricMeshReduction for automatic static mesh reduction
[2018.01.01-19.26.43:216][  0]LogSimplygon: Simplygon DLL not present - disabling.
[2018.01.01-19.26.43:270][  0]LogMeshUtilities: Using SimplygonSwarm for distributed automatic mesh merging
[2018.01.01-19.26.43:270][  0]LogMeshUtilities: No automatic skeletal mesh reduction module available
[2018.01.01-19.26.43:270][  0]LogMeshUtilities: No automatic mesh merging module available
[2018.01.01-19.26.44:101][  0]LogNetVersion: BuildingEscape , NetCL: 3452394, EngineNetVer: 2, GameNetVer: 0 (Checksum: 784502225)
[2018.01.01-19.26.44:170][  0]LogAssetRegistry: FAssetRegistry took 0.0264 seconds to start up
[2018.01.01-19.26.45:962][  0]LogPackageLocalizationCache: Processed 4 localized package path(s) for 2 prioritized culture(s) in 1.767203 seconds
[2018.01.01-19.26.45:967][  0]LogUObjectArray: 34194 objects as part of root set at end of initial load.
[2018.01.01-19.26.45:967][  0]LogUObjectAllocator: 7260416 out of 0 bytes used by permanent object pool.
[2018.01.01-19.26.45:967][  0]LogUObjectArray: CloseDisregardForGC: 0/0 objects in disregard for GC pool
[2018.01.01-19.26.46:038][  0]LogInit: WinSock: version 1.1 (2.2), MaxSocks=32767, MaxUdp=65467
[2018.01.01-19.28.09:252][  0]LogTcpMessaging: Initializing TcpMessaging bridge
[2018.01.01-19.28.09:306][  0]LogUdpMessaging: Initializing bridge on interface 0.0.0.0:0 to multicast group 230.0.0.1:6666.
[2018.01.01-19.28.10:889][  0]LogMaterial: Uniform references updated for custom material expression Custom.
[2018.01.01-19.28.11:409][  0]SourceControl: Info Source control is disabled
[2018.01.01-19.28.11:474][  0]SourceControl: Info Source control is disabled
[2018.01.01-19.28.11:527][  0]SourceControl: Info Source control is disabled
[2018.01.01-19.28.11:581][  0]SourceControl: Info Source control is disabled
[2018.01.01-19.28.13:083][  0]LogAndroidPermission: UAndroidPermissionCallbackProxy::GetInstance
[2018.01.01-19.28.13:839][  0]LogEngine: Initializing Engine...
[2018.01.01-19.28.13:840][  0]LogHMD: Failed to initialize OpenVR with code 110
[2018.01.01-19.28.14:035][  0]LogStats: UGameplayTagsManager::ConstructGameplayTagTree: Construct from data asset -  0.000 s
[2018.01.01-19.28.14:035][  0]LogStats: UGameplayTagsManager::ConstructGameplayTagTree: GameplayTagTreeChangedEvent.Broadcast -  0.000 s
[2018.01.01-19.28.14:174][  0]LogAIModule: Creating AISystem for world Untitled
[2018.01.01-19.28.14:190][  0]LogInit: XAudio2 using 'Speakers / Headphones (Plantronics HD1)' : 6 channels at 48 kHz using 24 bits per sample (channel mask 0x3f)
[2018.01.01-19.28.14:211][  0]LogInit: FAudioDevice initialized.
[2018.01.01-19.28.14:259][  0]LogDerivedDataCache: Saved boot cache 0.05s 90MB C:/Users/tmeni/AppData/Local/UnrealEngine/4.16/DerivedDataCache/Boot.ddc.
[2018.01.01-19.28.14:267][  0]LogInit: Texture streaming: Enabled
[2018.01.01-19.28.14:369][  0]LogEngineSessionManager: EngineSessionManager initialized
[2018.01.01-19.28.16:342][  0]LogInit: Transaction tracking system initialized
[2018.01.01-19.28.16:677][  0]BlueprintLog: New page: Editor Load
[2018.01.01-19.28.17:865][  0]LocalizationService: Info Localization service is disabled
[2018.01.01-19.28.19:562][  0]LogConsoleResponse:Display: 
[2018.01.01-19.28.21:311][  0]LogCook:Display: Max memory allowance for cook 16384mb min free memory 0mb
[2018.01.01-19.28.21:312][  0]LogCook:Display: Mobile HDR setting 1
[2018.01.01-19.28.22:604][  0]LogFileCache: Scanning file cache for directory 'C:/Users/tmeni/Documents/GitHub/UnrealTutorial/03_BuildingEscape/BuildingEscape/Content/' took 0.02s
[2018.01.01-19.28.23:800][  0]SourceControl: Info Source control is disabled
[2018.01.01-19.28.23:801][  0]LightingResults: New page: Lighting Build
[2018.01.01-19.28.23:843][  0]MapCheck: New page: Map Check
[2018.01.01-19.28.23:843][  0]LightingResults: New page: Lighting Build
[2018.01.01-19.28.32:923][  0]LogAIModule: Creating AISystem for world Minimal_Default
[2018.01.01-19.28.34:233][  0]LogEditorServer: Finished looking for orphan Actors (0.000 secs)
[2018.01.01-19.28.34:573][  0]Cmd: MAP CHECKDEP NOCLEARLOG
[2018.01.01-19.28.34:620][  0]MapCheck: Info Map check complete: 0 Error(s), 0 Warning(s), took 46.746ms to complete.
[2018.01.01-19.28.34:620][  0]LogFileHelpers: Loading map 'Minimal_Default' took 10.819
[2018.01.01-19.28.44:767][  0]LogCollectionManager: Loaded 0 collections in 0.001577 seconds
[2018.01.01-19.28.47:744][  0]LogFileCache: Scanning file cache for directory 'C:/Users/tmeni/Documents/GitHub/UnrealTutorial/03_BuildingEscape/BuildingEscape/Saved/Collections/' took 0.01s
[2018.01.01-19.28.47:744][  0]LogFileCache: Scanning file cache for directory 'C:/Users/tmeni/Documents/GitHub/UnrealTutorial/03_BuildingEscape/BuildingEscape/Content/Developers/tmeni/Collections/' took 0.01s
[2018.01.01-19.28.47:744][  0]LogFileCache: Scanning file cache for directory 'C:/Users/tmeni/Documents/GitHub/UnrealTutorial/03_BuildingEscape/BuildingEscape/Content/Collections/' took 0.01s
[2018.01.01-19.28.47:744][  0]LogCollectionManager: Rebuilt the GUID cache for 0 collections in 0.000002 seconds
[2018.01.01-19.28.47:796][  0]LogContentBrowser: Native class hierarchy populated in 0.0205 seconds. Added 2330 classes and 493 folders.
[2018.01.01-19.28.48:302][  0]LogContentBrowser: Native class hierarchy updated for 'WidgetCarousel' in 0.0019 seconds. Added 0 classes and 0 folders.
[2018.01.01-19.28.51:801][  0]LogContentBrowser: Native class hierarchy updated for 'AddContentDialog' in 0.0014 seconds. Added 0 classes and 0 folders.
[2018.01.01-19.28.52:230][  0]LogContentBrowser: Native class hierarchy updated for 'SceneOutliner' in 0.0014 seconds. Added 1 classes and 2 folders.
[2018.01.01-19.28.53:533][  0]LogCrashTracker: Crashtracker disabled due to settings.
[2018.01.01-19.28.54:369][  0]LogSlate: Took 0.052883 seconds to synchronously load lazily loaded font '../../../Engine/Content/Slate/Fonts/Roboto-Regular.ttf' (155K)
[2018.01.01-19.28.54:392][  0]LogSlate: Took 0.020211 seconds to synchronously load lazily loaded font '../../../Engine/Content/Slate/Fonts/Roboto-Bold.ttf' (160K)
[2018.01.01-19.28.54:575][  0]LogSlate: Took 0.016143 seconds to synchronously load lazily loaded font '../../../Engine/Content/Editor/Slate/Fonts/FontAwesome.ttf' (139K)
[2018.01.01-19.28.56:364][  0]LogRenderer: Reallocating scene render targets to support 904x484 NumSamples 1 (Frame:1).
[2018.01.01-19.28.59:150][  0]LogUObjectGlobals:Warning: Failed to find object 'Class None.'
[2018.01.01-19.28.59:252][  0]LogContentBrowser: Native class hierarchy updated for 'HierarchicalLODOutliner' in 0.0017 seconds. Added 1 classes and 2 folders.
[2018.01.01-19.28.59:252][  0]LogLoad: (Engine Initialization) Total time: 203.26 seconds
[2018.01.01-19.28.59:252][  0]LogLoad: (Engine Initialization) Total Blueprint compile time: 0.30 seconds
[2018.01.01-19.28.59:252][  0]LogExternalProfiler: Found external profiler: VSPerf
[2018.01.01-19.28.59:252][  0]LogExternalProfiler: Using external profiler: VSPerf
[2018.01.01-19.28.59:270][  0]LogWindowsTextInputMethodSystem:Display: IME system now deactivated.
[2018.01.01-19.28.59:271][  0]LogOcInput: OculusInput pre-init called
[2018.01.01-19.28.59:271][  0]LogHMD: Starting GearVRController plugin
[2018.01.01-19.28.59:476][  0]LogContentStreaming: Texture pool size now 1000 MB
[2018.01.01-19.28.59:759][  0]LogSlate: Took 0.027237 seconds to synchronously load lazily loaded font '../../../Engine/Content/Slate/Fonts/Roboto-Light.ttf' (159K)
[2018.01.01-19.28.59:826][  1]LogAssetRegistry: Asset discovery search completed in 135.6795 seconds
[2018.01.01-19.28.59:828][  1]LogCollectionManager: Rebuilt the object cache for 0 collections in 0.000000 seconds (found 0 objects)
[2018.01.01-19.28.59:828][  1]LogCollectionManager: Fixed up redirectors for 0 collections in 0.000023 seconds (updated 0 objects)
[2018.01.01-19.38.28:328][651]Cmd: MAP LOAD FILE="../../../Engine/Content/Maps/Templates/Template_Default.umap" TEMPLATE=1 SHOWPROGRESS=1 FEATURELEVEL=3
[2018.01.01-19.38.28:423][651]LogSlate: Took 0.000186 seconds to synchronously load lazily loaded font '../../../Engine/Content/Slate/Fonts/Roboto-Light.ttf' (159K)
[2018.01.01-19.38.28:464][651]LightingResults: New page: Lighting Build
[2018.01.01-19.38.28:465][651]LoadErrors: New page: Loading map: Template_Default.umap
[2018.01.01-19.38.28:543][651]MapCheck: New page: Map Check
[2018.01.01-19.38.28:543][651]LightingResults: New page: Lighting Build
[2018.01.01-19.38.28:587][651]LogAIModule: Creating AISystem for world Untitled_1
[2018.01.01-19.38.28:592][651]LogActorComponent: RegisterComponentWithWorld: (/Temp/Untitled_1.Untitled_1:PersistentLevel.WorldSettings_1.StaticMeshComponent0) Trying to register component with IsPendingKill() == true. Aborting.
[2018.01.01-19.38.28:652][651]LogEditorServer: Finished looking for orphan Actors (0.000 secs)
[2018.01.01-19.38.28:680][651]Cmd: MAP CHECKDEP NOCLEARLOG
[2018.01.01-19.38.28:730][651]MapCheck: Info Map check complete: 0 Error(s), 0 Warning(s), took 49.58ms to complete.
[2018.01.01-19.38.28:730][651]LogFileHelpers: Loading map 'Template_Default' took 0.440
[2018.01.01-19.39.04:570][158]LogActorFactory: Actor Factory created SM_Chair
[2018.01.01-19.39.06:604][256]LogActorFactory: Actor Factory created SM_Chair
[2018.01.01-19.39.20:022][941]LogEditorViewport: Clicking on Actor (LMB): BP_Sky_Sphere_C (Sky Sphere)
[2018.01.01-19.39.25:491][246]LogEditorViewport: Clicking on Actor (LMB): StaticMeshActor (SM_Chair)
[2018.01.01-19.39.27:162][343]LogEditorViewport: Clicking on Actor (LMB): StaticMeshActor (SM_Chair)
[2018.01.01-19.39.48:407][531]LogSavePackage: Save=365.25ms
[2018.01.01-19.39.48:407][531]LogSavePackage: Moving '../../../../../../Users/tmeni/Documents/GitHub/UnrealTutorial/03_BuildingEscape/BuildingEscape/Saved/BuildingEscapeEB9809AA46282EC86930649439BF567A.tmp' to '../../../../../../Users/tmeni/Documents/GitHub/UnrealTutorial/03_BuildingEscape/BuildingEscape/Content/BuildingEscape.umap'
[2018.01.01-19.39.48:433][531]LogSavePackage:Display: Finished SavePackage ../../../../../../Users/tmeni/Documents/GitHub/UnrealTutorial/03_BuildingEscape/BuildingEscape/Content/BuildingEscape.umap
[2018.01.01-19.39.48:506][531]LogFileHelpers: Saving map 'BuildingEscape' took 2.174
[2018.01.01-19.39.52:835][775]MapCheck: New page: Map Check
[2018.01.01-19.39.52:868][775]Cmd: MAP REBUILD ALLVISIBLE
[2018.01.01-19.39.52:871][775]LogEditorServer: Rebuildmap Clear paths rebuilt
[2018.01.01-19.39.53:118][775]LogMaterial: Missing cached shader map for material FDebugViewModeMaterialProxy WorldGridMaterial, compiling. Is special engine material.
[2018.01.01-19.39.53:373][775]LogMaterial: Missing cached shader map for material FDebugViewModeMaterialProxy DefaultMaterial, compiling. 
[2018.01.01-19.39.53:379][775]LogMaterial: Missing cached shader map for material FDebugViewModeMaterialProxy MaterialInstanceDynamic_1, compiling. 
[2018.01.01-19.39.53:385][775]LogMaterial: Missing cached shader map for material FDebugViewModeMaterialProxy M_Chair, compiling. 
[2018.01.01-19.39.58:387][775]TextureStreamingBuild:Display: Compiling optional shaders took 5.277 seconds.
[2018.01.01-19.39.58:549][775]LogLevel:Display: Export Material TexCoord Scales took 0.162 seconds.
[2018.01.01-19.39.58:575][775]TextureStreamingBuild:Display: Build Texture Streaming took 0.026 seconds.
[2018.01.01-19.39.58:636][775]LightingResults: New page: Lighting Build - Jan 1, 2018, 9:39:58 AM
[2018.01.01-19.39.59:540][775]LogSwarmInterface: [OpenConnection] Registering TCP channel ...
[2018.01.01-19.40.00:225][775]LogSwarmInterface: [OpenConnection] Connecting to agent ...
[2018.01.01-19.40.01:025][775]LogSwarmInterface: [TryOpenConnection] Testing the Agent
[2018.01.01-19.40.04:603][775]LogSwarmInterface: [TryOpenConnection] Opening Connection to Agent
[2018.01.01-19.40.04:604][775]LogSwarmInterface: [TryOpenConnection] Local Process ID is 19896
[2018.01.01-19.40.12:926][775]LogStaticLightingSystem:Warning: No importance volume found, so the scene bounding box was used.  You can optimize your scene's quality and lighting build times by adding importance volumes.
[2018.01.01-19.40.12:966][775]LogStaticLightingSystem: Running Lightmass w/ ImmediateImport mode ENABLED
[2018.01.01-19.40.12:966][775]LogStaticLightingSystem: Running Lightmass w/ ImmediateProcess mode ENABLED
[2018.01.01-19.40.12:966][775]LogStaticLightingSystem: Running Lightmass w/ Sorting mode ENABLED
[2018.01.01-19.40.12:966][775]LogStaticLightingSystem: Running Lightmass w/ Mapping paddings ENABLED
[2018.01.01-19.40.12:966][775]LogStaticLightingSystem: Running Lightmass w/ Mapping debug paddings DISABLED
[2018.01.01-19.40.13:838][775]Cmd: MAP CHECK DONTDISPLAYDIALOG
[2018.01.01-19.40.13:838][775]MapCheck: New page: BuildingEscape - Jan 1, 2018, 9:40:13 AM
[2018.01.01-19.40.13:949][775]MapCheck:Error: Error WorldSettings_1 Maps need lighting rebuilt 
[2018.01.01-19.40.13:998][775]MapCheck: Info Map check complete: 1 Error(s), 0 Warning(s), took 159.333ms to complete.
[2018.01.01-19.40.14:020][775]LogEditorBuildUtils: Build time 0:21
[2018.01.01-19.40.14:225][775]LogMaterial: Missing cached shader map for material FLightmassMaterialRenderer DefaultMaterial, compiling. 
[2018.01.01-19.40.14:252][775]LogMaterial: Missing cached shader map for material FLightmassMaterialRenderer DefaultMaterial, compiling. 
[2018.01.01-19.40.14:465][776]LogMaterial: Missing cached shader map for material FLightmassMaterialRenderer MaterialInstanceDynamic_1, compiling. 
[2018.01.01-19.40.14:473][776]LogMaterial: Missing cached shader map for material FLightmassMaterialRenderer MaterialInstanceDynamic_1, compiling. 
[2018.01.01-19.40.14:510][777]LogMaterial: Missing cached shader map for material FLightmassMaterialRenderer M_Chair, compiling. 
[2018.01.01-19.40.14:518][777]LogMaterial: Missing cached shader map for material FLightmassMaterialRenderer M_Chair, compiling. 
[2018.01.01-19.40.14:547][778]LogMaterial: Missing cached shader map for material FLightmassMaterialRenderer WorldGridMaterial, compiling. Is special engine material.
[2018.01.01-19.40.14:557][778]LogMaterial: Missing cached shader map for material FLightmassMaterialRenderer WorldGridMaterial, compiling. Is special engine material.
[2018.01.01-19.40.20:565][876]Job is a success!
[2018.01.01-19.40.20:945][877]LogTexture:Display: Building textures: HQ_Lightmap0_1 (AutoDXT, 256X256)
[2018.01.01-19.40.20:945][877]LogTexture:Display: Building textures: LQ_Lightmap_0_1 (DXT1, 256X256)
[2018.01.01-19.40.20:945][877]LogTexture:Display: Building textures: HQ_Lightmap0_2 (AutoDXT, 64X64)
[2018.01.01-19.40.20:945][877]LogTexture:Display: Building textures: LQ_Lightmap_0_2 (DXT1, 64X64)
[2018.01.01-19.40.20:945][877]LogTexture:Display: Building textures: ShadowMapTexture2D_1 (G8, 32X32)
[2018.01.01-19.40.20:945][877]LogTexture:Display: Building textures: ShadowMapTexture2D_0 (G8, 256X128)
[2018.01.01-19.40.21:154][877]Lightmass on LAPTOP-3MK2NOUI: 1.90 sec total, 269 ms importing, 105 ms setup, 275 ms photons, 724 ms processing, 0 ms extra exporting [3/3 mappings]. Threads: 4.91 sec total, 370 ms processing.
[2018.01.01-19.40.21:212][877]LogStaticLightingSystem: Illumination: 22.5 sec (63 ms encoding lightmaps, 25 ms encoding shadowmaps)
[2018.01.01-19.40.21:212][877]LogStaticLightingSystem: Lightmap texture memory:  0.1 MB (0.1 MB streaming, 0.0 MB non-streaming), 4 textures
[2018.01.01-19.40.21:212][877]LogStaticLightingSystem: Shadowmap texture memory: 0.0 MB (0.0 MB streaming, 0.0 MB non-streaming), 2 textures
[2018.01.01-19.40.21:945][877]DumpUnbuiltLightIteractions
[2018.01.01-19.40.21:945][877]Lights with unbuilt interactions: 0
[2018.01.01-19.40.21:945][877]
[2018.01.01-19.40.21:945][877]Primitives with unbuilt interactions: 0
[2018.01.01-19.40.22:039][878]Cmd: MAP CHECK NOTIFYRESULTS
[2018.01.01-19.40.22:039][878]MapCheck: New page: BuildingEscape - Jan 1, 2018, 9:40:22 AM
[2018.01.01-19.40.22:105][878]MapCheck: Info Map check complete: 0 Error(s), 0 Warning(s), took 65.765ms to complete.
[2018.01.01-19.40.23:412][946]LogEditorViewport: Clicking on Actor (LMB): StaticMeshActor (SM_Chair)
[2018.01.01-19.40.23:806][969]LogEditorViewport: Clicking on Actor (LMB): BP_Sky_Sphere_C (Sky Sphere)
[2018.01.01-19.40.24:422][  4]LogEditorViewport: Clicking on Actor (LMB): StaticMeshActor (SM_Chair)
[2018.01.01-19.40.28:920][271]Cmd: CAMERA ALIGN ACTIVEVIEWPORTONLY
[2018.01.01-19.40.29:236][290]Cmd: CAMERA ALIGN ACTIVEVIEWPORTONLY
[2018.01.01-19.40.29:453][303]Cmd: CAMERA ALIGN ACTIVEVIEWPORTONLY
[2018.01.01-19.40.30:524][367]Cmd: CAMERA ALIGN ACTIVEVIEWPORTONLY
[2018.01.01-19.40.46:250][255]LogSlate: Took 0.150799 seconds to synchronously load lazily loaded font '../../../Engine/Content/Editor/Slate/Fonts/Roboto-Italic.ttf' (157K)
[2018.01.01-19.41.22:710][419]MapCheck: New page: Map Check
[2018.01.01-19.41.22:732][419]LightingResults: New page: Lighting Build - Jan 1, 2018, 9:41:22 AM
[2018.01.01-19.41.22:746][419]LogSwarmInterface: [OpenConnection] Registering TCP channel ...
[2018.01.01-19.41.22:748][419]LogSwarmInterface: [OpenConnection] Connecting to agent ...
[2018.01.01-19.41.22:748][419]LogSwarmInterface: [TryOpenConnection] Testing the Agent
[2018.01.01-19.41.22:750][419]LogSwarmInterface: [TryOpenConnection] Opening Connection to Agent
[2018.01.01-19.41.22:750][419]LogSwarmInterface: [TryOpenConnection] Local Process ID is 19896
[2018.01.01-19.41.24:516][419]LogStaticLightingSystem:Warning: No importance volume found, so the scene bounding box was used.  You can optimize your scene's quality and lighting build times by adding importance volumes.
[2018.01.01-19.41.24:516][419]LogStaticLightingSystem: Running Lightmass w/ ImmediateImport mode ENABLED
[2018.01.01-19.41.24:516][419]LogStaticLightingSystem: Running Lightmass w/ ImmediateProcess mode ENABLED
[2018.01.01-19.41.24:516][419]LogStaticLightingSystem: Running Lightmass w/ Sorting mode ENABLED
[2018.01.01-19.41.24:516][419]LogStaticLightingSystem: Running Lightmass w/ Mapping paddings ENABLED
[2018.01.01-19.41.24:516][419]LogStaticLightingSystem: Running Lightmass w/ Mapping debug paddings DISABLED
[2018.01.01-19.41.24:595][419]LogEditorBuildUtils: Build time 0:01
[2018.01.01-19.41.26:139][472]Job is a success!
[2018.01.01-19.41.26:342][474]LogTexture:Display: Building textures: HQ_Lightmap1_1 (AutoDXT, 256X256)
[2018.01.01-19.41.26:342][474]LogTexture:Display: Building textures: LQ_Lightmap_1_1 (DXT1, 256X256)
[2018.01.01-19.41.26:342][474]LogTexture:Display: Building textures: HQ_Lightmap1_2 (AutoDXT, 64X64)
[2018.01.01-19.41.26:342][474]LogTexture:Display: Building textures: LQ_Lightmap_1_2 (DXT1, 64X64)
[2018.01.01-19.41.26:342][474]LogTexture:Display: Building textures: ShadowMapTexture2D_3 (G8, 32X32)
[2018.01.01-19.41.26:342][474]LogTexture:Display: Building textures: ShadowMapTexture2D_2 (G8, 256X128)
[2018.01.01-19.41.26:370][474]Lightmass on LAPTOP-3MK2NOUI: 881 ms total, 99 ms importing, 44 ms setup, 275 ms photons, 442 ms processing, 0 ms extra exporting [3/3 mappings]. Threads: 2.93 sec total, 374 ms processing.
[2018.01.01-19.41.26:385][474]LogStaticLightingSystem: Illumination: 3.62 sec (21 ms encoding lightmaps, 19 ms encoding shadowmaps)
[2018.01.01-19.41.26:385][474]LogStaticLightingSystem: Lightmap texture memory:  0.1 MB (0.1 MB streaming, 0.0 MB non-streaming), 4 textures
[2018.01.01-19.41.26:385][474]LogStaticLightingSystem: Shadowmap texture memory: 0.0 MB (0.0 MB streaming, 0.0 MB non-streaming), 2 textures
[2018.01.01-19.41.26:520][474]DumpUnbuiltLightIteractions
[2018.01.01-19.41.26:520][474]Lights with unbuilt interactions: 0
[2018.01.01-19.41.26:520][474]
[2018.01.01-19.41.26:520][474]Primitives with unbuilt interactions: 0
[2018.01.01-19.41.26:532][475]Cmd: MAP CHECK NOTIFYRESULTS
[2018.01.01-19.41.26:533][475]MapCheck: New page: BuildingEscape - Jan 1, 2018, 9:41:26 AM
[2018.01.01-19.41.26:579][475]MapCheck: Info Map check complete: 0 Error(s), 0 Warning(s), took 46.868ms to complete.
[2018.01.01-19.41.28:176][566]LogEditorViewport: Clicking on Actor (LMB): StaticMeshActor (SM_Chair)
[2018.01.01-19.41.28:570][589]LogEditorViewport: Clicking on Actor (LMB): BP_Sky_Sphere_C (Sky Sphere)
[2018.01.01-19.41.28:998][613]LogEditorViewport: Clicking on Actor (LMB): StaticMeshActor (SM_Chair)
[2018.01.01-19.41.35:906][ 22]Cmd: TRANSACTION UNDO
[2018.01.01-19.41.35:906][ 22]LogEditorTransaction: Undo Rotate Actors
[2018.01.01-19.41.36:093][ 22]LogSlate: Took 0.000386 seconds to synchronously load lazily loaded font '../../../Engine/Content/Slate/Fonts/Roboto-Light.ttf' (159K)
[2018.01.01-19.46.50:011][195]LogSavePackage: Save=25.90ms
[2018.01.01-19.46.50:011][195]LogSavePackage: Moving '../../../../../../Users/tmeni/Documents/GitHub/UnrealTutorial/03_BuildingEscape/BuildingEscape/Saved/BuildingEscape1A3ED09540432AF9890622ADDF848262.tmp' to '../../../../../../Users/tmeni/Documents/GitHub/UnrealTutorial/03_BuildingEscape/BuildingEscape/Content/BuildingEscape.umap'
[2018.01.01-19.46.50:022][195]LogSavePackage:Display: Finished SavePackage ../../../../../../Users/tmeni/Documents/GitHub/UnrealTutorial/03_BuildingEscape/BuildingEscape/Content/BuildingEscape.umap
[2018.01.01-19.46.50:127][195]LogSavePackage: Save=14.01ms
[2018.01.01-19.46.50:127][195]LogSavePackage: Moving '../../../../../../Users/tmeni/Documents/GitHub/UnrealTutorial/03_BuildingEscape/BuildingEscape/Saved/BuildingEscape_BuiltData7AA4894542AE3D24B52F37B07034E909.tmp' to '../../../../../../Users/tmeni/Documents/GitHub/UnrealTutorial/03_BuildingEscape/BuildingEscape/Content/BuildingEscape_BuiltData.uasset'
[2018.01.01-19.46.50:137][195]LogSavePackage:Display: Finished SavePackage ../../../../../../Users/tmeni/Documents/GitHub/UnrealTutorial/03_BuildingEscape/BuildingEscape/Content/BuildingEscape_BuiltData.uasset
[2018.01.01-19.47.10:513][386]LogActorFactory: Actor Factory created SM_Lamp_Wall
[2018.01.01-19.47.12:051][452]LogActorFactory: Actor Factory created SM_Lamp_Wall
[2018.01.01-19.47.15:830][676]Cmd: TRANSACTION UNDO
[2018.01.01-19.47.15:830][676]LogEditorTransaction: Undo Create Actors
[2018.01.01-19.47.19:211][848]LogActorFactory: Actor Factory created SM_Bush
[2018.01.01-19.47.20:675][927]LogActorFactory: Actor Factory created SM_Bush
[2018.01.01-19.47.21:573][980]LogActorFactory: Actor Factory created SM_Bush
[2018.01.01-19.47.22:500][ 33]Cmd: CAMERA ALIGN ACTIVEVIEWPORTONLY
[2018.01.01-19.47.28:804][409]Cmd: TRANSACTION UNDO
[2018.01.01-19.47.28:804][409]LogEditorTransaction: Undo Create Actors
[2018.01.01-19.47.35:275][784]LogActorFactory: Actor Factory created SM_TableRound
[2018.01.01-19.47.36:877][875]LogActorFactory: Actor Factory created SM_TableRound
[2018.01.01-19.47.38:226][952]Cmd: CAMERA ALIGN ACTIVEVIEWPORTONLY
[2018.01.01-19.48.57:491][676]LogActorFactory: Actor Factory created SM_Stairs
[2018.01.01-19.49.08:813][159]LogMaterial: Missing cached shader map for material T_CobbleStone_Smooth_Mat, compiling. 
[2018.01.01-19.49.11:358][296]Cmd: CAMERA ALIGN ACTIVEVIEWPORTONLY
[2018.01.01-19.49.13:428][394]Cmd: TRANSACTION UNDO
[2018.01.01-19.49.13:428][394]LogEditorTransaction: Undo Rotate Actors
[2018.01.01-19.49.15:952][499]Cmd: TRANSACTION UNDO
[2018.01.01-19.49.15:952][499]LogEditorTransaction: Undo Create Actors
[2018.01.01-19.56.50:491][299]LogSavePackage: Save=25.94ms
[2018.01.01-19.56.50:491][299]LogSavePackage: Moving '../../../../../../Users/tmeni/Documents/GitHub/UnrealTutorial/03_BuildingEscape/BuildingEscape/Saved/BuildingEscape_Auto1B239474E4860E431AE868EA778051855.tmp' to '../../../../../../Users/tmeni/Documents/GitHub/UnrealTutorial/03_BuildingEscape/BuildingEscape/Saved/Autosaves/Game/BuildingEscape_Auto1.umap'
[2018.01.01-19.56.50:496][299]LogSavePackage:Display: Finished SavePackage ../../../../../../Users/tmeni/Documents/GitHub/UnrealTutorial/03_BuildingEscape/BuildingEscape/Saved/Autosaves/Game/BuildingEscape_Auto1.umap
[2018.01.01-19.56.50:501][299]LogFileHelpers: Editor autosave (incl. sublevels) for '/Game/BuildingEscape' took 0.312
[2018.01.01-19.56.50:501][299]LogFileHelpers: Editor autosave (incl. sublevels) for all levels took 0.312
[2018.01.01-20.06.50:953][101]LogFileHelpers: Editor autosave (incl. sublevels) for '/Game/BuildingEscape' took 0.010
[2018.01.01-20.16.51:642][903]LogFileHelpers: Editor autosave (incl. sublevels) for '/Game/BuildingEscape' took 0.009
[2018.01.01-20.24.13:369][415]MapCheck: New page: Map Check
[2018.01.01-20.24.13:392][415]LightingResults: New page: Lighting Build - Jan 1, 2018, 10:24:13 AM
[2018.01.01-20.24.13:409][415]LogSwarmInterface: [OpenConnection] Registering TCP channel ...
[2018.01.01-20.24.13:416][415]LogSwarmInterface: [OpenConnection] Connecting to agent ...
[2018.01.01-20.24.13:416][415]LogSwarmInterface: [TryOpenConnection] Testing the Agent
[2018.01.01-20.24.13:418][415]LogSwarmInterface: [TryOpenConnection] Opening Connection to Agent
[2018.01.01-20.24.13:418][415]LogSwarmInterface: [TryOpenConnection] Local Process ID is 19896
[2018.01.01-20.24.15:073][415]LogStaticLightingSystem:Warning: No importance volume found, so the scene bounding box was used.  You can optimize your scene's quality and lighting build times by adding importance volumes.
[2018.01.01-20.24.15:073][415]LogStaticLightingSystem: Running Lightmass w/ ImmediateImport mode ENABLED
[2018.01.01-20.24.15:074][415]LogStaticLightingSystem: Running Lightmass w/ ImmediateProcess mode ENABLED
[2018.01.01-20.24.15:074][415]LogStaticLightingSystem: Running Lightmass w/ Sorting mode ENABLED
[2018.01.01-20.24.15:074][415]LogStaticLightingSystem: Running Lightmass w/ Mapping paddings ENABLED
[2018.01.01-20.24.15:074][415]LogStaticLightingSystem: Running Lightmass w/ Mapping debug paddings DISABLED
[2018.01.01-20.24.15:416][415]LogEditorBuildUtils: Build time 0:02
[2018.01.01-20.24.15:434][415]LogMaterial: Missing cached shader map for material FLightmassMaterialRenderer T_CobbleStone_Smooth_Mat, compiling. 
[2018.01.01-20.24.15:441][415]LogMaterial: Missing cached shader map for material FLightmassMaterialRenderer T_CobbleStone_Smooth_Mat, compiling. 
[2018.01.01-20.24.20:067][566]Job is a success!
[2018.01.01-20.24.20:267][567]LogMaterial:Warning: Material /Game/StarterContent/Textures/T_CobbleStone_Smooth_Mat.T_CobbleStone_Smooth_Mat needed to have new flag set bUsedWithStaticLighting !
[2018.01.01-20.24.20:270][567]LogMaterial: Missing cached shader map for material T_CobbleStone_Smooth_Mat, compiling. 
[2018.01.01-20.24.20:493][567]LogTexture:Display: Building textures: HQ_Lightmap0_1 (AutoDXT, 512X512)
[2018.01.01-20.24.20:493][567]LogTexture:Display: Building textures: LQ_Lightmap_0_1 (DXT1, 512X512)
[2018.01.01-20.24.20:493][567]LogTexture:Display: Building textures: LQ_Lightmap_0_2 (DXT1, 64X64)
[2018.01.01-20.24.20:493][567]LogTexture:Display: Building textures: HQ_Lightmap0_2 (AutoDXT, 64X64)
[2018.01.01-20.24.20:493][567]LogTexture:Display: Building textures: ShadowMapTexture2D_5 (G8, 32X32)
[2018.01.01-20.24.20:493][567]LogTexture:Display: Building textures: ShadowMapTexture2D_4 (G8, 512X128)
[2018.01.01-20.24.20:532][567]Lightmass on LAPTOP-3MK2NOUI: 1.70 sec total, 381 ms importing, 17 ms setup, 357 ms photons, 928 ms processing, 0 ms extra exporting [4/4 mappings]. Threads: 6.33 sec total, 810 ms processing.
[2018.01.01-20.24.20:549][567]LogStaticLightingSystem: Illumination: 7.12 sec (87 ms encoding lightmaps, 55 ms encoding shadowmaps)
[2018.01.01-20.24.20:549][567]LogStaticLightingSystem: Lightmap texture memory:  0.5 MB (0.5 MB streaming, 0.0 MB non-streaming), 4 textures
[2018.01.01-20.24.20:549][567]LogStaticLightingSystem: Shadowmap texture memory: 0.1 MB (0.1 MB streaming, 0.0 MB non-streaming), 2 textures
[2018.01.01-20.24.21:081][567]DumpUnbuiltLightIteractions
[2018.01.01-20.24.21:081][567]Lights with unbuilt interactions: 0
[2018.01.01-20.24.21:081][567]
[2018.01.01-20.24.21:081][567]Primitives with unbuilt interactions: 0
[2018.01.01-20.24.21:092][568]Cmd: MAP CHECK NOTIFYRESULTS
[2018.01.01-20.24.21:093][568]MapCheck: New page: BuildingEscape - Jan 1, 2018, 10:24:21 AM
[2018.01.01-20.24.21:159][568]MapCheck: Info Map check complete: 0 Error(s), 0 Warning(s), took 65.562ms to complete.
[2018.01.01-20.24.31:555][181]LogEditorViewport: Clicking on Actor (LMB): StaticMeshActor (SM_TableRound)
[2018.01.01-20.24.42:949][814]LogMaterial: Missing cached shader map for material T_TableRound_M_Mat, compiling. 
[2018.01.01-20.24.42:988][814]LogMaterial:Warning: Material /Game/StarterContent/Textures/T_TableRound_M_Mat.T_TableRound_M_Mat needed to have new flag set bUsedWithStaticLighting !
[2018.01.01-20.24.42:991][814]LogMaterial: Missing cached shader map for material T_TableRound_M_Mat, compiling. 
[2018.01.01-20.24.45:021][919]Cmd: CAMERA ALIGN ACTIVEVIEWPORTONLY
[2018.01.01-20.24.49:376][175]LogEditorViewport: Clicking on Actor (LMB): BP_Sky_Sphere_C (Sky Sphere)
[2018.01.01-20.25.03:549][  2]Cmd: TRANSACTION UNDO
[2018.01.01-20.25.03:549][  2]LogEditorTransaction: Undo Clicking on Actors
[2018.01.01-20.25.03:861][ 18]Cmd: TRANSACTION UNDO
[2018.01.01-20.25.03:861][ 18]LogEditorTransaction: Undo Create Actors
[2018.01.01-20.25.04:030][ 28]Cmd: TRANSACTION UNDO
[2018.01.01-20.25.04:030][ 28]LogEditorTransaction: Undo Clicking on Actors
[2018.01.01-20.25.07:138][212]LogEditorViewport: Clicking on Actor (LMB): BP_Sky_Sphere_C (Sky Sphere)
[2018.01.01-20.25.07:553][235]Cmd: TRANSACTION UNDO
[2018.01.01-20.25.07:553][235]LogEditorTransaction: Undo Clicking on Actors
[2018.01.01-20.25.21:633][ 76]LogEditorViewport: Clicking on Actor (LMB): BP_Sky_Sphere_C (Sky Sphere)
[2018.01.01-20.25.23:220][168]LogEditorViewport: Clicking on Actor (LMB): StaticMeshActor (SM_TableRound)
[2018.01.01-20.25.23:979][210]Cmd: DELETE
[2018.01.01-20.25.23:979][210]Cmd: ACTOR DELETE
[2018.01.01-20.25.24:339][210]LogEditorActor: Deleted Actor: StaticMeshActor
[2018.01.01-20.25.24:349][210]LogEditorActor: Deleted 1 Actors (0.017 secs)
[2018.01.01-20.25.28:033][420]LogEditorViewport: Clicking on Actor (LMB): StaticMeshActor (SM_Chair)
[2018.01.01-20.25.40:187][124]LogEditorViewport: Clicking on Actor (LMB): StaticMeshActor (SM_Chair)
[2018.01.01-20.25.48:834][628]LogEditorViewport: Clicking on Actor (LMB): BP_Sky_Sphere_C (Sky Sphere)
[2018.01.01-20.25.49:669][669]Cmd: SELECT NONE
[2018.01.01-20.25.59:697][214]LogActorFactory: Actor Factory created SM_Rock
[2018.01.01-20.26.01:108][283]LogActorFactory: Actor Factory created SM_Rock
[2018.01.01-20.26.02:913][386]Cmd: CAMERA ALIGN ACTIVEVIEWPORTONLY
[2018.01.01-20.26.04:482][480]LogEditorViewport: Clicking on Actor (LMB): BP_Sky_Sphere_C (Sky Sphere)
[2018.01.01-20.26.05:182][520]LogEditorViewport: Clicking on Actor (LMB): StaticMeshActor (SM_Rock)
[2018.01.01-20.26.07:212][638]LogEditorViewport: Clicking on Actor (LMB): StaticMeshActor (Floor)
[2018.01.01-20.26.07:515][653]LogEditorViewport: Clicking on Component (LMB): StaticMeshComponent (StaticMeshComponent0)
[2018.01.01-20.26.09:448][763]Cmd: TRANSACTION UNDO
[2018.01.01-20.26.09:448][763]LogEditorTransaction: Undo Move Components
[2018.01.01-20.26.10:937][850]Cmd: CAMERA ALIGN ACTIVEVIEWPORTONLY
[2018.01.01-20.26.12:404][936]Cmd: TRANSACTION UNDO
[2018.01.01-20.26.12:404][936]LogEditorTransaction: Undo Move Components
[2018.01.01-20.26.53:518][912]LogSavePackage: Save=31.92ms
[2018.01.01-20.26.53:518][912]LogSavePackage: Moving '../../../../../../Users/tmeni/Documents/GitHub/UnrealTutorial/03_BuildingEscape/BuildingEscape/Saved/BuildingEscape_Auto25887DFC04DF6E43D0D398AA19F33BA17.tmp' to '../../../../../../Users/tmeni/Documents/GitHub/UnrealTutorial/03_BuildingEscape/BuildingEscape/Saved/Autosaves/Game/BuildingEscape_Auto2.umap'
[2018.01.01-20.26.53:522][912]LogSavePackage:Display: Finished SavePackage ../../../../../../Users/tmeni/Documents/GitHub/UnrealTutorial/03_BuildingEscape/BuildingEscape/Saved/Autosaves/Game/BuildingEscape_Auto2.umap
[2018.01.01-20.26.53:527][912]LogFileHelpers: Editor autosave (incl. sublevels) for '/Game/BuildingEscape' took 0.061
[2018.01.01-20.26.53:527][912]LogFileHelpers: Editor autosave (incl. sublevels) for all levels took 0.061
[2018.01.01-20.26.53:532][912]OBJ SavePackage: Generating thumbnails for [0] asset(s) in package [/Game/BuildingEscape_BuiltData] ([1] browsable assets)...
[2018.01.01-20.26.53:532][912]OBJ SavePackage: Finished generating thumbnails for package [/Game/BuildingEscape_BuiltData]
[2018.01.01-20.26.53:568][912]LogSavePackage: Save=9.64ms
[2018.01.01-20.26.53:568][912]LogSavePackage: Moving '../../../../../../Users/tmeni/Documents/GitHub/UnrealTutorial/03_BuildingEscape/BuildingEscape/Saved/BuildingEscape_BuiltData_Auto2B5C7B6D645793B7706BD069EAC7BA6AC.tmp' to '../../../../../../Users/tmeni/Documents/GitHub/UnrealTutorial/03_BuildingEscape/BuildingEscape/Saved/Autosaves/Game/BuildingEscape_BuiltData_Auto2.uasset'
[2018.01.01-20.26.53:589][912]LogSavePackage:Display: Finished SavePackage ../../../../../../Users/tmeni/Documents/GitHub/UnrealTutorial/03_BuildingEscape/BuildingEscape/Saved/Autosaves/Game/BuildingEscape_BuiltData_Auto2.uasset
[2018.01.01-20.26.53:592][912]OBJ SavePackage: Generating thumbnails for [1] asset(s) in package [/Game/StarterContent/Textures/T_CobbleStone_Smooth_Mat] ([1] browsable assets)...
[2018.01.01-20.26.53:653][912]OBJ SavePackage:     Rendered thumbnail for [Material /Game/StarterContent/Textures/T_CobbleStone_Smooth_Mat.T_CobbleStone_Smooth_Mat]
[2018.01.01-20.26.53:653][912]OBJ SavePackage: Finished generating thumbnails for package [/Game/StarterContent/Textures/T_CobbleStone_Smooth_Mat]
[2018.01.01-20.26.53:744][912]LogSavePackage: Save=86.39ms
[2018.01.01-20.26.53:744][912]LogSavePackage: Moving '../../../../../../Users/tmeni/Documents/GitHub/UnrealTutorial/03_BuildingEscape/BuildingEscape/Saved/T_CobbleStone_Smooth_Mat_Auto267F7FE8942A18140304A6C8709839763.tmp' to '../../../../../../Users/tmeni/Documents/GitHub/UnrealTutorial/03_BuildingEscape/BuildingEscape/Saved/Autosaves/Game/StarterContent/Textures/T_CobbleStone_Smooth_Mat_Auto2.uasset'
[2018.01.01-20.26.53:749][912]LogSavePackage:Display: Finished SavePackage ../../../../../../Users/tmeni/Documents/GitHub/UnrealTutorial/03_BuildingEscape/BuildingEscape/Saved/Autosaves/Game/StarterContent/Textures/T_CobbleStone_Smooth_Mat_Auto2.uasset
[2018.01.01-20.26.53:749][912]LogFileHelpers: Auto-saving content packages took 0.221
[2018.01.01-20.27.59:785][382]Cmd: TRANSACTION UNDO
[2018.01.01-20.27.59:785][382]LogEditorTransaction: Undo Clicking on Components
[2018.01.01-20.28.01:243][465]Cmd: TRANSACTION REDO
[2018.01.01-20.28.01:243][465]LogEditorTransaction: Redo Clicking on Components
[2018.01.01-20.30.39:261][ 28]LogEditorViewport: Clicking on Actor (LMB): StaticMeshActor (Floor)
[2018.01.01-20.30.39:561][ 40]LogEditorViewport: Clicking on Actor (LMB): StaticMeshActor (SM_Chair)
[2018.01.01-20.30.42:235][189]LogRenderer: Reallocating scene render targets to support 916x484 NumSamples 1 (Frame:21345).
[2018.01.01-20.30.42:362][190]LogRenderer: Reallocating scene render targets to support 940x484 NumSamples 1 (Frame:21347).
[2018.01.01-20.30.42:430][191]LogRenderer: Reallocating scene render targets to support 956x484 NumSamples 1 (Frame:21349).
[2018.01.01-20.30.42:491][192]LogRenderer: Reallocating scene render targets to support 968x484 NumSamples 1 (Frame:21351).
[2018.01.01-20.30.42:554][193]LogRenderer: Reallocating scene render targets to support 976x484 NumSamples 1 (Frame:21353).
[2018.01.01-20.30.42:608][194]LogRenderer: Reallocating scene render targets to support 984x484 NumSamples 1 (Frame:21355).
[2018.01.01-20.31.31:829][198]LogSlate: Took 0.088164 seconds to synchronously load lazily loaded font '../../../Engine/Content/Editor/Slate/Fonts/Roboto-BoldCondensed.ttf' (158K)
[2018.01.01-20.32.03:223][198]LogUObjectGlobals:Warning: Failed to find object 'Class None.'
[2018.01.01-20.32.12:838][278]Running C:/Program Files/Epic Games/UE_4.16/Engine/Binaries/DotNET/UnrealBuildTool.exe  -projectfiles -project="C:/Users/tmeni/Documents/GitHub/UnrealTutorial/03_BuildingEscape/BuildingEscape/BuildingEscape.uproject" -game -rocket -progress
[2018.01.01-20.32.14:009][278]Discovering modules, targets and source code for project...
[2018.01.01-20.32.38:627][278]LogSlate: Took 0.080355 seconds to synchronously load lazily loaded font '../../../Engine/Content/Slate/Fonts/Roboto-Regular.ttf' (155K)
[2018.01.01-20.32.45:597][278]LogVSAccessor:Warning: Couldn't access Visual Studio
[2018.01.01-20.32.45:746][278]Candidate modules for hot reload:
[2018.01.01-20.32.45:746][278]  BuildingEscape
[2018.01.01-20.32.45:747][278]Launching UnrealBuildTool... [C:/Program Files/Epic Games/UE_4.16/Engine/Binaries/DotNET/UnrealBuildTool.exe BuildingEscape -ModuleWithSuffix BuildingEscape 558 Win64 Development -editorrecompile -canskiplink "C:/Users/tmeni/Documents/GitHub/UnrealTutorial/03_BuildingEscape/BuildingEscape/BuildingEscape.uproject" ]
[2018.01.01-20.35.49:146][278]CompilerResultsLog: New page: Compilation - Jan 1, 2018, 10:35:49 AM
[2018.01.01-20.35.49:146][278]CompilerResultsLog: Info Performing full C++ include scan (hot reloading a new target)
[2018.01.01-20.35.49:146][278]CompilerResultsLog: Info Compiling game modules for hot reload
[2018.01.01-20.35.49:146][278]CompilerResultsLog: Info Parsing headers for BuildingEscapeEditor
[2018.01.01-20.35.49:146][278]CompilerResultsLog: Info   Running UnrealHeaderTool "C:\Users\tmeni\Documents\GitHub\UnrealTutorial\03_BuildingEscape\BuildingEscape\BuildingEscape.uproject" "C:\Users\tmeni\Documents\GitHub\UnrealTutorial\03_BuildingEscape\BuildingEscape\Intermediate\Build\Win64\BuildingEscapeEditor\Development\BuildingEscapeEditor.uhtmanifest" -LogCmds="loginit warning, logexit warning, logdatabase error" -Unattended -WarningsAsErrors -installed
[2018.01.01-20.35.49:146][278]CompilerResultsLog: Info Reflection code generated for BuildingEscapeEditor in 8.2240454 seconds
[2018.01.01-20.35.49:146][278]CompilerResultsLog: Info Performing 4 actions (4 in parallel)
[2018.01.01-20.35.49:146][278]CompilerResultsLog: Info BuildingEscape.generated.cpp
[2018.01.01-20.35.49:146][278]CompilerResultsLog: Info PositionReporter.cpp
[2018.01.01-20.35.49:146][278]CompilerResultsLog: Info [3/4] Link UE4Editor-BuildingEscape-558.dll
[2018.01.01-20.35.49:146][278]CompilerResultsLog: Info [4/4] Link UE4Editor-BuildingEscape-558.lib
[2018.01.01-20.35.49:146][278]CompilerResultsLog: Info    Creating library C:\Users\tmeni\Documents\GitHub\UnrealTutorial\03_BuildingEscape\BuildingEscape\Intermediate\Build\Win64\UE4Editor\Development\UE4Editor-BuildingEscape-558.lib and object C:\Users\tmeni\Documents\GitHub\UnrealTutorial\03_BuildingEscape\BuildingEscape\Intermediate\Build\Win64\UE4Editor\Development\UE4Editor-BuildingEscape-558.exp
[2018.01.01-20.35.49:146][278]CompilerResultsLog: Info    Creating library C:\Users\tmeni\Documents\GitHub\UnrealTutorial\03_BuildingEscape\BuildingEscape\Intermediate\Build\Win64\UE4Editor\Development\UE4Editor-BuildingEscape-558.suppressed.lib and object C:\Users\tmeni\Documents\GitHub\UnrealTutorial\03_BuildingEscape\BuildingEscape\Intermediate\Build\Win64\UE4Editor\Development\UE4Editor-BuildingEscape-558.suppressed.exp
[2018.01.01-20.35.49:146][278]CompilerResultsLog: Info Total build time: 183.07 seconds (Local executor: 131.07 seconds)
[2018.01.01-20.35.49:147][278]LogMainFrame: MainFrame: Module compiling took 183.549 seconds
[2018.01.01-20.35.54:394][278]LogClass: Could not find existing class PositionReporter in package /Script/BuildingEscape for HotReload, assuming new class
[2018.01.01-20.35.54:418][278]LogContentBrowser: Native class hierarchy updated for 'BuildingEscape' in 0.0016 seconds. Added 2 classes and 2 folders.
[2018.01.01-20.35.54:419][278]Display: HotReload successful (0 functions remapped  0 scriptstructs remapped)
[2018.01.01-20.35.55:094][278]LogContentBrowser: Native class hierarchy populated in 0.0128 seconds. Added 2333 classes and 497 folders.
[2018.01.01-20.35.55:135][278]Display: HotReload took 189.6s.
[2018.01.01-20.35.55:171][278]Warning: HotReload operation took 189.6s.
[2018.01.01-20.35.55:908][278]LogHotReload: New module detected: UE4Editor-BuildingEscape-558.dll
[2018.01.01-20.35.57:346][279]LogHotReload: Starting Hot-Reload from IDE
[2018.01.01-20.35.57:859][279]LogContentBrowser: Native class hierarchy updated for 'BuildingEscape' in 0.0014 seconds. Added 2 classes and 2 folders.
[2018.01.01-20.35.57:860][279]Display: HotReload successful (0 functions remapped  0 scriptstructs remapped)
[2018.01.01-20.35.57:872][279]LogContentBrowser: Native class hierarchy populated in 0.0113 seconds. Added 2333 classes and 497 folders.
[2018.01.01-20.35.58:156][279]Display: HotReload took  0.8s.
[2018.01.01-20.38.49:837][484]LogVSAccessor:Warning: Couldn't goto line number '0' in 'C:/Users/tmeni/Documents/GitHub/UnrealTutorial/03_BuildingEscape/BuildingEscape/Source/BuildingEscape/PositionReporter.h'
[2018.01.01-20.38.52:065][484]LogVSAccessor:Warning: Couldn't goto line number '0' in 'C:/Users/tmeni/Documents/GitHub/UnrealTutorial/03_BuildingEscape/BuildingEscape/Source/BuildingEscape/PositionReporter.cpp'
[2018.01.01-20.39.42:075][675]LogEditorViewport: Clicking on Actor (LMB): StaticMeshActor (Floor)
[2018.01.01-20.39.43:548][685]LogSavePackage: Save=31.84ms
[2018.01.01-20.39.43:548][685]LogSavePackage: Moving '../../../../../../Users/tmeni/Documents/GitHub/UnrealTutorial/03_BuildingEscape/BuildingEscape/Saved/BuildingEscape2B1E07714801116CB62E1DB65E79811C.tmp' to '../../../../../../Users/tmeni/Documents/GitHub/UnrealTutorial/03_BuildingEscape/BuildingEscape/Content/BuildingEscape.umap'
[2018.01.01-20.39.43:556][685]LogSavePackage:Display: Finished SavePackage ../../../../../../Users/tmeni/Documents/GitHub/UnrealTutorial/03_BuildingEscape/BuildingEscape/Content/BuildingEscape.umap
[2018.01.01-20.39.43:649][685]LogSavePackage: Save=28.67ms
[2018.01.01-20.39.43:649][685]LogSavePackage: Moving '../../../../../../Users/tmeni/Documents/GitHub/UnrealTutorial/03_BuildingEscape/BuildingEscape/Saved/BuildingEscape_BuiltDataFB8A439746A1273C979896B48D533F09.tmp' to '../../../../../../Users/tmeni/Documents/GitHub/UnrealTutorial/03_BuildingEscape/BuildingEscape/Content/BuildingEscape_BuiltData.uasset'
[2018.01.01-20.39.43:657][685]LogSavePackage:Display: Finished SavePackage ../../../../../../Users/tmeni/Documents/GitHub/UnrealTutorial/03_BuildingEscape/BuildingEscape/Content/BuildingEscape_BuiltData.uasset
[2018.01.01-20.41.13:137][913]LogTemp: Executing iPhonePackager certificates Engine -bundlename com.YourCompany.BuildingEscape
[2018.01.01-20.41.13:137][913]LogTemp: CWD: C:\Program Files\Epic Games\UE_4.16\Engine\Binaries\DotNET\IOS
[2018.01.01-20.41.13:137][913]LogTemp: Initial Dir: C:\Program Files\Epic Games\UE_4.16
[2018.01.01-20.41.13:137][913]LogTemp: Env CWD: C:\Program Files\Epic Games\UE_4.16\Engine\Binaries\DotNET\IOS
[2018.01.01-20.41.13:137][913]LogTemp: BranchPath = LAPTOP-3MK2NOUI/C/Program Files/Epic Games/UE_4.16/Engine/Binaries --- GameBranchPath = LAPTOP-3MK2NOUI/C/Program Files/Epic Games/UE_4.16/Engine/Binaries
[2018.01.01-20.41.13:137][913]LogSlate: Only BGRA pngs, bmps or icos are supported in by External Image Picker
[2018.01.01-20.41.16:649][913]LogTemp: IPP ERROR: Could not find provision directory 'C:\Users\tmeni\AppData\Local/Apple Computer/MobileDevice/Provisioning Profiles/'.
[2018.01.01-20.43.57:617][ 39]LogSavePackage: Save=18.46ms
[2018.01.01-20.43.57:617][ 39]LogSavePackage: Moving '../../../../../../Users/tmeni/Documents/GitHub/UnrealTutorial/03_BuildingEscape/BuildingEscape/Saved/T_CobbleStone_Smooth_MatA915E817455F139665AC09BDCB475FDF.tmp' to '../../../../../../Users/tmeni/Documents/GitHub/UnrealTutorial/03_BuildingEscape/BuildingEscape/Content/StarterContent/Textures/T_CobbleStone_Smooth_Mat.uasset'
[2018.01.01-20.43.57:627][ 39]LogSavePackage:Display: Finished SavePackage ../../../../../../Users/tmeni/Documents/GitHub/UnrealTutorial/03_BuildingEscape/BuildingEscape/Content/StarterContent/Textures/T_CobbleStone_Smooth_Mat.uasset
[2018.01.01-20.44.00:826][ 40]Cmd: QUIT_EDITOR
[2018.01.01-20.44.03:431][ 40]LogWindowsTextInputMethodSystem:Display: IME system now deactivated.
[2018.01.01-20.44.04:035][ 40]LogExit: Preparing to exit.
[2018.01.01-20.44.06:963][ 40]LogDirectoryWatcher: A directory notification for 'C:/Users/tmeni/Documents/GitHub/UnrealTutorial/03_BuildingEscape/BuildingEscape/Content/' was aborted.
[2018.01.01-20.44.10:635][ 40]LogExit: Editor shut down
[2018.01.01-20.44.11:235][ 40]LogExit: Transaction tracking system shut down
[2018.01.01-20.44.42:752][ 40]LogObj: Freed 0b from 0 cluster array pools.
[2018.01.01-20.44.42:752][ 40]LogExit: Object subsystem successfully closed.
[2018.01.01-20.44.47:082][ 40]LogD3D11RHI: Shutdown
[2018.01.01-20.44.47:082][ 40]LogD3D11RHI: CleanupD3DDevice
[2018.01.01-20.44.49:322][ 40]LogD3D11RHI: ~FD3D11DynamicRHI
[2018.01.01-20.44.57:171][ 40]LogModuleManager: Shutting down and abandoning module ExternalImagePicker (534)
[2018.01.01-20.44.57:171][ 40]LogModuleManager: Shutting down and abandoning module BuildingEscape (532)
[2018.01.01-20.44.57:171][ 40]LogModuleManager: Shutting down and abandoning module HierarchicalLODUtilities (530)
[2018.01.01-20.44.57:511][ 40]LogModuleManager: Shutting down and abandoning module NewLevelDialog (528)
[2018.01.01-20.44.57:511][ 40]LogModuleManager: Shutting down and abandoning module HierarchicalLODOutliner (526)
[2018.01.01-20.44.57:653][ 40]LogModuleManager: Shutting down and abandoning module CrashTracker (524)
[2018.01.01-20.44.57:653][ 40]LogModuleManager: Shutting down and abandoning module SceneOutliner (522)
[2018.01.01-20.44.57:653][ 40]LogModuleManager: Shutting down and abandoning module AddContentDialog (520)
[2018.01.01-20.44.58:073][ 40]LogDirectoryWatcher: A directory notification for 'C:/Program Files/Epic Games/UE_4.16/FeaturePacks/' was aborted.
[2018.01.01-20.45.02:469][ 40]LogModuleManager: Shutting down and abandoning module WidgetCarousel (519)
[2018.01.01-20.45.02:470][ 40]LogModuleManager: Shutting down and abandoning module EditorWidgets (516)
[2018.01.01-20.45.02:470][ 40]LogModuleManager: Shutting down and abandoning module CollectionManager (514)
[2018.01.01-20.45.02:470][ 40]LogDirectoryWatcher: A directory notification for 'C:/Users/tmeni/Documents/GitHub/UnrealTutorial/03_BuildingEscape/BuildingEscape/Content/Collections/' was aborted.
[2018.01.01-20.45.02:470][ 40]LogDirectoryWatcher: A directory notification for 'C:/Users/tmeni/Documents/GitHub/UnrealTutorial/03_BuildingEscape/BuildingEscape/Content/Developers/tmeni/Collections/' was aborted.
[2018.01.01-20.45.02:470][ 40]LogDirectoryWatcher: A directory notification for 'C:/Users/tmeni/Documents/GitHub/UnrealTutorial/03_BuildingEscape/BuildingEscape/Saved/Collections/' was aborted.
[2018.01.01-20.45.02:646][ 40]LogModuleManager: Shutting down and abandoning module StatsViewer (512)
[2018.01.01-20.45.02:933][ 40]LogModuleManager: Shutting down and abandoning module FoliageEdit (510)
[2018.01.01-20.45.02:933][ 40]LogModuleManager: Shutting down and abandoning module LandscapeEditor (508)
[2018.01.01-20.45.03:929][ 40]LogModuleManager: Shutting down and abandoning module MeshPaintMode (506)
[2018.01.01-20.45.03:929][ 40]LogModuleManager: Shutting down and abandoning module SceneDepthPickerMode (504)
[2018.01.01-20.45.03:929][ 40]LogModuleManager: Shutting down and abandoning module ActorPickerMode (502)
[2018.01.01-20.45.03:929][ 40]LogModuleManager: Shutting down and abandoning module GeometryMode (500)
[2018.01.01-20.45.03:929][ 40]LogModuleManager: Shutting down and abandoning module TextureAlignMode (498)
[2018.01.01-20.45.03:929][ 40]LogModuleManager: Shutting down and abandoning module BspMode (496)
[2018.01.01-20.45.03:929][ 40]LogModuleManager: Shutting down and abandoning module HardwareSurvey (494)
[2018.01.01-20.45.04:403][ 40]LogModuleManager: Shutting down and abandoning module SequenceRecorderSections (492)
[2018.01.01-20.45.04:434][ 40]LogModuleManager: Shutting down and abandoning module AutomationWorker (490)
[2018.01.01-20.45.04:609][ 40]LogModuleManager: Shutting down and abandoning module MatineeToLevelSequence (488)
[2018.01.01-20.45.04:635][ 40]LogModuleManager: Shutting down and abandoning module LevelSequenceEditor (486)
[2018.01.01-20.45.06:843][ 40]LogModuleManager: Shutting down and abandoning module PlacementMode (485)
[2018.01.01-20.45.06:844][ 40]LogModuleManager: Shutting down and abandoning module WmfMediaFactory (482)
[2018.01.01-20.45.06:844][ 40]LogModuleManager: Shutting down and abandoning module WmfMediaEditor (480)
[2018.01.01-20.45.06:844][ 40]LogModuleManager: Shutting down and abandoning module AvfMediaFactory (478)
[2018.01.01-20.45.06:844][ 40]LogModuleManager: Shutting down and abandoning module AvfMediaEditor (476)
[2018.01.01-20.45.06:844][ 40]LogModuleManager: Shutting down and abandoning module AndroidMediaFactory (474)
[2018.01.01-20.45.06:844][ 40]LogModuleManager: Shutting down and abandoning module Media (473)
[2018.01.01-20.45.06:844][ 40]LogModuleManager: Shutting down and abandoning module AndroidMediaEditor (470)
[2018.01.01-20.45.06:844][ 40]LogModuleManager: Shutting down and abandoning module CharacterAI (468)
[2018.01.01-20.45.06:844][ 40]LogModuleManager: Shutting down and abandoning module AudioCapture (466)
[2018.01.01-20.45.06:925][ 40]LogModuleManager: Shutting down and abandoning module SequenceRecorder (465)
[2018.01.01-20.45.07:266][ 40]LogModuleManager: Shutting down and abandoning module SmartSnapping (462)
[2018.01.01-20.45.07:266][ 40]LogModuleManager: Shutting down and abandoning module SessionServices (460)
[2018.01.01-20.45.07:266][ 40]LogModuleManager: Shutting down and abandoning module ViewportSnapping (458)
[2018.01.01-20.45.07:266][ 40]LogModuleManager: Shutting down and abandoning module ViewportInteraction (456)
[2018.01.01-20.45.07:266][ 40]LogModuleManager: Shutting down and abandoning module ClothPainter (454)
[2018.01.01-20.45.09:048][ 40]LogModuleManager: Shutting down and abandoning module LogVisualizer (452)
[2018.01.01-20.45.09:233][ 40]LogModuleManager: Shutting down and abandoning module IntroTutorials (450)
[2018.01.01-20.45.09:509][ 40]LogModuleManager: Shutting down and abandoning module GameProjectGeneration (449)
[2018.01.01-20.45.09:509][ 40]LogModuleManager: Shutting down and abandoning module EditorLiveStreaming (446)
[2018.01.01-20.45.09:509][ 40]LogModuleManager: Shutting down and abandoning module IOSPlatformEditor (444)
[2018.01.01-20.45.09:509][ 40]LogModuleManager: Shutting down and abandoning module HTML5PlatformEditor (442)
[2018.01.01-20.45.09:509][ 40]LogModuleManager: Shutting down and abandoning module AndroidPlatformEditor (440)
[2018.01.01-20.45.09:509][ 40]LogModuleManager: Shutting down and abandoning module AndroidDeviceDetection (439)
[2018.01.01-20.45.09:588][ 40]LogModuleManager: Shutting down and abandoning module IOSRuntimeSettings (436)
[2018.01.01-20.45.09:588][ 40]LogModuleManager: Shutting down and abandoning module AndroidRuntimeSettings (434)
[2018.01.01-20.45.09:588][ 40]LogModuleManager: Shutting down and abandoning module InputBindingEditor (432)
[2018.01.01-20.45.09:691][ 40]LogModuleManager: Shutting down and abandoning module MergeActors (430)
[2018.01.01-20.45.09:829][ 40]LogModuleManager: Shutting down and abandoning module SizeMap (428)
[2018.01.01-20.45.09:829][ 40]LogModuleManager: Shutting down and abandoning module TreeMap (426)
[2018.01.01-20.45.09:998][ 40]LogModuleManager: Shutting down and abandoning module ReferenceViewer (424)
[2018.01.01-20.45.10:021][ 40]LogModuleManager: Shutting down and abandoning module LocalizationDashboard (422)
[2018.01.01-20.45.10:111][ 40]LogModuleManager: Shutting down and abandoning module LocalizationService (421)
[2018.01.01-20.45.10:291][ 40]LogModuleManager: Shutting down and abandoning module HardwareTargeting (418)
[2018.01.01-20.45.10:291][ 40]LogModuleManager: Shutting down and abandoning module DeviceProfileEditor (416)
[2018.01.01-20.45.10:541][ 40]LogModuleManager: Shutting down and abandoning module UndoHistory (414)
[2018.01.01-20.45.10:857][ 40]LogModuleManager: Shutting down and abandoning module UserFeedback (412)
[2018.01.01-20.45.10:857][ 40]LogModuleManager: Shutting down and abandoning module XmlParser (410)
[2018.01.01-20.45.10:947][ 40]LogModuleManager: Shutting down and abandoning module Blutility (408)
[2018.01.01-20.45.11:018][ 40]LogModuleManager: Shutting down and abandoning module ProjectSettingsViewer (406)
[2018.01.01-20.45.11:018][ 40]LogModuleManager: Shutting down and abandoning module ProjectTargetPlatformEditor (405)
[2018.01.01-20.45.11:307][ 40]LogModuleManager: Shutting down and abandoning module EditorSettingsViewer (402)
[2018.01.01-20.45.11:307][ 40]LogModuleManager: Shutting down and abandoning module SettingsEditor (400)
[2018.01.01-20.45.11:307][ 40]LogModuleManager: Shutting down and abandoning module ProjectLauncher (398)
[2018.01.01-20.45.11:748][ 40]LogModuleManager: Shutting down and abandoning module SessionFrontend (396)
[2018.01.01-20.45.12:032][ 40]LogModuleManager: Shutting down and abandoning module ProfilerClient (394)
[2018.01.01-20.45.12:191][ 40]LogModuleManager: Shutting down and abandoning module DeviceManager (392)
[2018.01.01-20.45.12:428][ 40]LogModuleManager: Shutting down and abandoning module TargetDeviceServices (391)
[2018.01.01-20.45.12:491][ 40]LogModuleManager: Shutting down and abandoning module AutomationController (388)
[2018.01.01-20.45.12:843][ 40]LogModuleManager: Shutting down and abandoning module AutomationWindow (386)
[2018.01.01-20.45.12:925][ 40]LogModuleManager: Shutting down and abandoning module Layers (384)
[2018.01.01-20.45.13:547][ 40]LogModuleManager: Shutting down and abandoning module ComponentVisualizers (382)
[2018.01.01-20.45.13:547][ 40]LogModuleManager: Shutting down and abandoning module DetailCustomizations (380)
[2018.01.01-20.45.13:750][ 40]LogModuleManager: Shutting down and abandoning module PackagesDialog (378)
[2018.01.01-20.45.13:750][ 40]LogModuleManager: Shutting down and abandoning module Persona (376)
[2018.01.01-20.45.14:421][ 40]LogModuleManager: Shutting down and abandoning module AdvancedPreviewScene (375)
[2018.01.01-20.45.14:421][ 40]LogModuleManager: Shutting down and abandoning module AnimGraph (373)
[2018.01.01-20.45.14:421][ 40]LogModuleManager: Shutting down and abandoning module Kismet (370)
[2018.01.01-20.45.14:564][ 40]LogModuleManager: Shutting down and abandoning module ClassViewer (368)
[2018.01.01-20.45.14:935][ 40]LogModuleManager: Shutting down and abandoning module Toolbox (366)
[2018.01.01-20.45.14:998][ 40]LogModuleManager: Shutting down and abandoning module ModuleUI (364)
[2018.01.01-20.45.15:437][ 40]LogModuleManager: Shutting down and abandoning module MovieSceneTools (362)
[2018.01.01-20.45.15:673][ 40]LogModuleManager: Shutting down and abandoning module OutputLog (360)
[2018.01.01-20.45.15:897][ 40]LogModuleManager: Shutting down and abandoning module GammaUI (358)
[2018.01.01-20.45.15:976][ 40]LogModuleManager: Shutting down and abandoning module Documentation (356)
[2018.01.01-20.45.15:976][ 40]LogModuleManager: Shutting down and abandoning module MovieSceneTracks (354)
[2018.01.01-20.45.15:976][ 40]LogModuleManager: Shutting down and abandoning module MovieScene (352)
[2018.01.01-20.45.15:976][ 40]LogModuleManager: Shutting down and abandoning module Niagara (350)
[2018.01.01-20.45.15:976][ 40]LogModuleManager: Shutting down and abandoning module NiagaraEditor (349)
[2018.01.01-20.45.16:910][ 40]LogModuleManager: Shutting down and abandoning module StreamingPauseRendering (346)
[2018.01.01-20.45.16:910][ 40]LogModuleManager: Shutting down and abandoning module AnalyticsET (344)
[2018.01.01-20.45.16:910][ 40]LogModuleManager: Shutting down and abandoning module PortalServices (342)
[2018.01.01-20.45.16:910][ 40]LogModuleManager: Shutting down and abandoning module PortalRpc (340)
[2018.01.01-20.45.16:910][ 40]LogModuleManager: Shutting down and abandoning module MessagingRpc (338)
[2018.01.01-20.45.16:910][ 40]LogModuleManager: Shutting down and abandoning module AIModule (336)
[2018.01.01-20.45.16:947][ 40]LogModuleManager: Shutting down and abandoning module GameplayDebugger (335)
[2018.01.01-20.45.16:980][ 40]LogModuleManager: Shutting down and abandoning module AITestSuite (333)
[2018.01.01-20.45.17:155][ 40]LogModuleManager: Shutting down and abandoning module ProfilerService (330)
[2018.01.01-20.45.17:249][ 40]LogModuleManager: Shutting down and abandoning module TaskGraph (328)
[2018.01.01-20.45.18:529][ 40]LogModuleManager: Shutting down and abandoning module SteamVRController (326)
[2018.01.01-20.45.18:529][ 40]LogModuleManager: Shutting down and abandoning module SteamVR (324)
[2018.01.01-20.45.18:529][ 40]LogModuleManager: Shutting down and abandoning module ProceduralMeshComponentEditor (322)
[2018.01.01-20.45.18:674][ 40]LogModuleManager: Shutting down and abandoning module ProceduralMeshComponent (320)
[2018.01.01-20.45.18:846][ 40]LogModuleManager: Shutting down and abandoning module OculusLibrary (318)
[2018.01.01-20.45.18:846][ 40]LogModuleManager: Shutting down and abandoning module OculusInput (316)
[2018.01.01-20.45.18:846][ 40]LogModuleManager: Shutting down and abandoning module MobilePatchingUtils (314)
[2018.01.01-20.45.18:846][ 40]LogModuleManager: Shutting down and abandoning module CustomMeshComponent (312)
[2018.01.01-20.45.18:846][ 40]LogModuleManager: Shutting down and abandoning module CableComponent (310)
[2018.01.01-20.45.18:969][ 40]LogModuleManager: Shutting down and abandoning module ArchVisCharacter (308)
[2018.01.01-20.45.18:969][ 40]LogModuleManager: Shutting down and abandoning module AndroidPermission (306)
[2018.01.01-20.45.18:969][ 40]LogModuleManager: Shutting down and abandoning module MediaPlayerEditor (302)
[2018.01.01-20.45.19:501][ 40]LogModuleManager: Shutting down and abandoning module HTML5Networking (300)
[2018.01.01-20.45.19:501][ 40]LogModuleManager: Shutting down and abandoning module AlembicImporter (298)
[2018.01.01-20.45.19:644][ 40]LogModuleManager: Shutting down and abandoning module AlembicLibrary (297)
[2018.01.01-20.45.19:644][ 40]LogModuleManager: Shutting down and abandoning module GeometryCache (296)
[2018.01.01-20.45.19:802][ 40]LogModuleManager: Shutting down and abandoning module GeometryCacheEd (295)
[2018.01.01-20.45.19:802][ 40]LogModuleManager: Shutting down and abandoning module SuperSearchEditor (290)
[2018.01.01-20.45.19:802][ 40]LogModuleManager: Shutting down and abandoning module SuperSearch (289)
[2018.01.01-20.45.19:803][ 40]LogModuleManager: Shutting down and abandoning module SpeedTreeImporter (286)
[2018.01.01-20.45.19:803][ 40]LogModuleManager: Shutting down and abandoning module PluginBrowser (284)
[2018.01.01-20.45.20:217][ 40]LogModuleManager: Shutting down and abandoning module MobileLauncherProfileWizard (282)
[2018.01.01-20.45.20:713][ 40]LogModuleManager: Shutting down and abandoning module VisualStudioSourceCodeAccess (280)
[2018.01.01-20.45.20:713][ 40]LogModuleManager: Shutting down and abandoning module DesktopPlatform (279)
[2018.01.01-20.45.20:713][ 40]LogModuleManager: Shutting down and abandoning module UObjectPlugin (276)
[2018.01.01-20.45.20:713][ 40]LogModuleManager: Shutting down and abandoning module SubversionSourceControl (274)
[2018.01.01-20.45.20:963][ 40]LogModuleManager: Shutting down and abandoning module PerforceSourceControl (272)
[2018.01.01-20.45.21:204][ 40]LogModuleManager: Shutting down and abandoning module GitSourceControl (270)
[2018.01.01-20.45.21:495][ 40]LogModuleManager: Shutting down and abandoning module SourceControl (269)
[2018.01.01-20.45.21:546][ 40]LogModuleManager: Shutting down and abandoning module LightPropagationVolumeEditor (266)
[2018.01.01-20.45.21:546][ 40]LogModuleManager: Shutting down and abandoning module PaperTiledImporter (264)
[2018.01.01-20.45.21:546][ 40]LogModuleManager: Shutting down and abandoning module PaperSpriteSheetImporter (262)
[2018.01.01-20.45.21:546][ 40]LogModuleManager: Shutting down and abandoning module Paper2DEditor (260)
[2018.01.01-20.45.21:776][ 40]LogModuleManager: Shutting down and abandoning module MeshPaint (259)
[2018.01.01-20.45.21:776][ 40]LogModuleManager: Shutting down and abandoning module LevelEditor (257)
[2018.01.01-20.45.22:050][ 40]LogModuleManager: Shutting down and abandoning module PixelInspectorModule (256)
[2018.01.01-20.45.22:141][ 40]LogModuleManager: Shutting down and abandoning module MainFrame (254)
[2018.01.01-20.45.22:196][ 40]LogModuleManager: Shutting down and abandoning module HotReload (253)
[2018.01.01-20.45.22:196][ 40]LogDirectoryWatcher: A directory notification for 'C:/Users/tmeni/Documents/GitHub/UnrealTutorial/03_BuildingEscape/BuildingEscape/Binaries/Win64' was aborted.
[2018.01.01-20.45.22:246][ 40]LogModuleManager: Shutting down and abandoning module PhysXVehiclesEditor (246)
[2018.01.01-20.45.22:281][ 40]LogModuleManager: Shutting down and abandoning module PhysXVehicles (244)
[2018.01.01-20.45.22:281][ 40]LogModuleManager: Shutting down and abandoning module LocationServicesBPLibrary (242)
[2018.01.01-20.45.22:281][ 40]LogModuleManager: Shutting down and abandoning module ImmediatePhysicsEditor (240)
[2018.01.01-20.45.22:281][ 40]LogModuleManager: Shutting down and abandoning module ImmediatePhysics (238)
[2018.01.01-20.45.22:331][ 40]LogModuleManager: Shutting down and abandoning module UdpMessaging (236)
[2018.01.01-20.45.22:432][ 40]LogModuleManager: Shutting down and abandoning module TcpMessaging (234)
[2018.01.01-20.45.22:653][ 40]LogModuleManager: Shutting down and abandoning module GameplayTagsEditor (232)
[2018.01.01-20.45.22:912][ 40]LogModuleManager: Shutting down and abandoning module FacialAnimationEditor (230)
[2018.01.01-20.45.23:095][ 40]LogModuleManager: Shutting down and abandoning module FacialAnimation (228)
[2018.01.01-20.45.23:095][ 40]LogModuleManager: Shutting down and abandoning module AssetManagerEditor (226)
[2018.01.01-20.45.23:476][ 40]LogModuleManager: Shutting down and abandoning module GraphEditor (225)
[2018.01.01-20.45.23:905][ 40]LogModuleManager: Shutting down and abandoning module ContentBrowser (223)
[2018.01.01-20.45.23:906][ 40]LogModuleManager: Shutting down and abandoning module LightPropagationVolumeRuntime (220)
[2018.01.01-20.45.23:906][ 40]LogModuleManager: Shutting down and abandoning module Paper2D (218)
[2018.01.01-20.45.24:016][ 40]LogModuleManager: Shutting down and abandoning module WindowsMoviePlayer (216)
[2018.01.01-20.45.24:016][ 40]LogModuleManager: Shutting down and abandoning module WmfMedia (214)
[2018.01.01-20.45.24:173][ 40]LogModuleManager: Shutting down and abandoning module ClothingSystemEditor (212)
[2018.01.01-20.45.24:173][ 40]LogModuleManager: Shutting down and abandoning module ClothingSystemRuntime (210)
[2018.01.01-20.45.24:337][ 40]LogModuleManager: Shutting down and abandoning module MediaAssets (208)
[2018.01.01-20.45.24:337][ 40]LogModuleManager: Shutting down and abandoning module GameLiveStreaming (206)
[2018.01.01-20.45.24:469][ 40]LogModuleManager: Shutting down and abandoning module VREditor (204)
[2018.01.01-20.45.24:554][ 40]LogModuleManager: Shutting down and abandoning module StringTableEditor (202)
[2018.01.01-20.45.24:602][ 40]LogModuleManager: Shutting down and abandoning module GameplayTasksEditor (200)
[2018.01.01-20.45.24:602][ 40]LogModuleManager: Shutting down and abandoning module BehaviorTreeEditor (198)
[2018.01.01-20.45.25:323][ 40]LogModuleManager: Shutting down and abandoning module FunctionalTesting (196)
[2018.01.01-20.45.25:323][ 40]LogModuleManager: Shutting down and abandoning module CollisionAnalyzer (194)
[2018.01.01-20.45.25:499][ 40]LogModuleManager: Shutting down and abandoning module UMG (192)
[2018.01.01-20.45.25:630][ 40]LogModuleManager: Shutting down and abandoning module UMGEditor (191)
[2018.01.01-20.45.26:037][ 40]LogModuleManager: Shutting down and abandoning module Sequencer (190)
[2018.01.01-20.45.26:118][ 40]LogModuleManager: Shutting down and abandoning module AssetTools (188)
[2018.01.01-20.45.26:943][ 40]LogModuleManager: Shutting down and abandoning module MessageLog (187)
[2018.01.01-20.45.26:943][ 40]LogModuleManager: Shutting down and abandoning module WorkspaceMenuStructure (186)
[2018.01.01-20.45.26:943][ 40]LogModuleManager: Shutting down and abandoning module SlateReflector (180)
[2018.01.01-20.45.27:727][ 40]LogModuleManager: Shutting down and abandoning module Slate (178)
[2018.01.01-20.45.27:727][ 40]LogModuleManager: Shutting down and abandoning module EditorStyle (176)
[2018.01.01-20.45.28:168][ 40]LogModuleManager: Shutting down and abandoning module SourceCodeAccess (174)
[2018.01.01-20.45.28:168][ 40]LogModuleManager: Shutting down and abandoning module HeadMountedDisplay (172)
[2018.01.01-20.45.28:168][ 40]LogModuleManager: Shutting down and abandoning module XAudio2 (170)
[2018.01.01-20.45.28:168][ 40]LogModuleManager: Shutting down and abandoning module Networking (168)
[2018.01.01-20.45.28:168][ 40]LogModuleManager: Shutting down and abandoning module Core (164)
[2018.01.01-20.45.28:168][ 40]LogModuleManager: Shutting down and abandoning module AssetRegistry (162)
[2018.01.01-20.45.31:134][ 40]LogDirectoryWatcher: A directory notification for '../../../Engine/Content/' was aborted.
[2018.01.01-20.45.31:134][ 40]LogDirectoryWatcher: A directory notification for '../../../../../../Users/tmeni/Documents/GitHub/UnrealTutorial/03_BuildingEscape/BuildingEscape/Content/' was aborted.
[2018.01.01-20.45.31:134][ 40]LogDirectoryWatcher: A directory notification for '../../../Engine/Plugins/2D/Paper2D/Content/' was aborted.
[2018.01.01-20.45.31:134][ 40]LogDirectoryWatcher: A directory notification for '../../../Engine/Plugins/Runtime/GearVR/Content/' was aborted.
[2018.01.01-20.45.31:577][ 40]LogModuleManager: Shutting down and abandoning module DirectoryWatcher (161)
[2018.01.01-20.45.31:667][ 40]LogModuleManager: Shutting down and abandoning module KismetCompiler (158)
[2018.01.01-20.45.31:668][ 40]LogModuleManager: Shutting down and abandoning module LevelSequence (156)
[2018.01.01-20.45.31:668][ 40]LogModuleManager: Shutting down and abandoning module PhysXFormats (154)
[2018.01.01-20.45.31:668][ 40]LogModuleManager: Shutting down and abandoning module MeshUtilities (152)
[2018.01.01-20.45.32:540][ 40]LogModuleManager: Shutting down and abandoning module SimplygonSwarm (151)
[2018.01.01-20.45.32:632][ 40]LogModuleManager: Shutting down and abandoning module SimplygonMeshReduction (149)
[2018.01.01-20.45.32:632][ 40]LogModuleManager: Shutting down and abandoning module QuadricMeshReduction (147)
[2018.01.01-20.45.32:783][ 40]LogModuleManager: Shutting down and abandoning module DerivedDataCache (144)
[2018.01.01-20.45.32:864][ 40]LogDerivedDataCache: Shutdown
[2018.01.01-20.45.32:864][ 40]LogModuleManager: Shutting down and abandoning module TargetPlatform (142)
[2018.01.01-20.45.32:864][ 40]LogModuleManager: Shutting down and abandoning module VulkanShaderFormat (141)
[2018.01.01-20.45.33:131][ 40]LogModuleManager: Shutting down and abandoning module ShaderFormatVectorVM (139)
[2018.01.01-20.45.33:239][ 40]LogModuleManager: Shutting down and abandoning module ShaderFormatOpenGL (137)
[2018.01.01-20.45.33:411][ 40]LogModuleManager: Shutting down and abandoning module ShaderFormatD3D (135)
[2018.01.01-20.45.33:445][ 40]LogModuleManager: Shutting down and abandoning module MetalShaderFormat (133)
[2018.01.01-20.45.33:789][ 40]LogModuleManager: Shutting down and abandoning module TextureFormatUncompressed (131)
[2018.01.01-20.45.33:789][ 40]LogModuleManager: Shutting down and abandoning module TextureFormatPVR (129)
[2018.01.01-20.45.33:789][ 40]LogModuleManager: Shutting down and abandoning module TextureFormatDXT (127)
[2018.01.01-20.45.33:789][ 40]LogModuleManager: Shutting down and abandoning module TextureFormatIntelISPCTexComp (125)
[2018.01.01-20.45.33:956][ 40]LogModuleManager: Shutting down and abandoning module TextureFormatASTC (123)
[2018.01.01-20.45.33:956][ 40]LogModuleManager: Shutting down and abandoning module ImageWrapper (122)
[2018.01.01-20.45.33:956][ 40]LogModuleManager: Shutting down and abandoning module TextureFormatAndroid (119)
[2018.01.01-20.45.33:956][ 40]LogModuleManager: Shutting down and abandoning module AudioFormatOpus (117)
[2018.01.01-20.45.34:076][ 40]LogModuleManager: Shutting down and abandoning module AudioFormatOgg (115)
[2018.01.01-20.45.34:076][ 40]LogModuleManager: Shutting down and abandoning module AudioFormatADPCM (113)
[2018.01.01-20.45.34:076][ 40]LogModuleManager: Shutting down and abandoning module LinuxTargetPlatform (111)
[2018.01.01-20.45.34:076][ 40]LogModuleManager: Shutting down and abandoning module LinuxServerTargetPlatform (109)
[2018.01.01-20.45.34:076][ 40]LogModuleManager: Shutting down and abandoning module LinuxNoEditorTargetPlatform (107)
[2018.01.01-20.45.34:076][ 40]LogModuleManager: Shutting down and abandoning module LinuxClientTargetPlatform (105)
[2018.01.01-20.45.34:076][ 40]LogModuleManager: Shutting down and abandoning module TVOSTargetPlatform (103)
[2018.01.01-20.45.34:076][ 40]LogModuleManager: Shutting down and abandoning module Messaging (101)
[2018.01.01-20.45.34:076][ 40]LogModuleManager: Shutting down and abandoning module IOSTargetPlatform (99)
[2018.01.01-20.45.34:076][ 40]LogModuleManager: Shutting down and abandoning module HTML5TargetPlatform (97)
[2018.01.01-20.45.34:076][ 40]LogModuleManager: Shutting down and abandoning module Android_PVRTCTargetPlatform (95)
[2018.01.01-20.45.34:303][ 40]LogModuleManager: Shutting down and abandoning module Android_MultiTargetPlatform (93)
[2018.01.01-20.45.34:303][ 40]LogModuleManager: Shutting down and abandoning module Android_ETC2TargetPlatform (91)
[2018.01.01-20.45.34:374][ 40]LogModuleManager: Shutting down and abandoning module Android_ETC1TargetPlatform (89)
[2018.01.01-20.45.34:525][ 40]LogModuleManager: Shutting down and abandoning module Android_DXTTargetPlatform (87)
[2018.01.01-20.45.34:546][ 40]LogModuleManager: Shutting down and abandoning module Android_ATCTargetPlatform (85)
[2018.01.01-20.45.34:585][ 40]LogModuleManager: Shutting down and abandoning module Android_ASTCTargetPlatform (83)
[2018.01.01-20.45.34:585][ 40]LogModuleManager: Shutting down and abandoning module AndroidTargetPlatform (81)
[2018.01.01-20.45.34:608][ 40]LogModuleManager: Shutting down and abandoning module WindowsTargetPlatform (79)
[2018.01.01-20.45.34:609][ 40]LogModuleManager: Shutting down and abandoning module WindowsServerTargetPlatform (77)
[2018.01.01-20.45.34:609][ 40]LogModuleManager: Shutting down and abandoning module WindowsNoEditorTargetPlatform (75)
[2018.01.01-20.45.34:609][ 40]LogModuleManager: Shutting down and abandoning module WindowsClientTargetPlatform (73)
[2018.01.01-20.45.34:609][ 40]LogModuleManager: Shutting down and abandoning module MacTargetPlatform (71)
[2018.01.01-20.45.34:609][ 40]LogModuleManager: Shutting down and abandoning module MacServerTargetPlatform (69)
[2018.01.01-20.45.34:609][ 40]LogModuleManager: Shutting down and abandoning module MacNoEditorTargetPlatform (67)
[2018.01.01-20.45.34:609][ 40]LogModuleManager: Shutting down and abandoning module MacClientTargetPlatform (65)
[2018.01.01-20.45.34:609][ 40]LogModuleManager: Shutting down and abandoning module AllDesktopTargetPlatform (63)
[2018.01.01-20.45.34:609][ 40]LogModuleManager: Shutting down and abandoning module InputCore (60)
[2018.01.01-20.45.34:609][ 40]LogModuleManager: Shutting down and abandoning module Settings (58)
[2018.01.01-20.45.34:674][ 40]LogModuleManager: Shutting down and abandoning module OculusRift (56)
[2018.01.01-20.45.34:890][ 40]LogModuleManager: Shutting down and abandoning module GearVRController (54)
[2018.01.01-20.45.34:890][ 40]LogModuleManager: Shutting down and abandoning module GearVR (52)
[2018.01.01-20.45.34:978][ 40]LogModuleManager: Shutting down and abandoning module ExampleDeviceProfileSelector (50)
[2018.01.01-20.45.34:978][ 40]LogModuleManager: Shutting down and abandoning module OnlineBlueprintSupport (48)
[2018.01.01-20.45.34:978][ 40]LogModuleManager: Shutting down and abandoning module OnlineSubsystem (44)
[2018.01.01-20.45.34:978][ 40]LogOnline:Display: Unloading online subsystem: NULL
[2018.01.01-20.45.35:576][ 40]LogModuleManager: Shutting down and abandoning module XMPP (43)
[2018.01.01-20.45.35:984][ 40]LogModuleManager: Shutting down and abandoning module HTTP (41)
[2018.01.01-20.45.35:984][ 40]LogHttp:Display: Http module shutting down, but needs to wait on 1 outstanding Http requests:
[2018.01.01-20.45.36:045][ 40]LogHttp:Display: 	verb=[POST] url=[https://datarouter.ol.epicgames.com/datarouter/api/v1/public/data?SessionID=%7B74EF8407-4659-EB00-3943-ACB81CF088D1%7D&AppID=UEEditor.Rocket.Release&AppVersion=4.16.3-3561208%2B%2B%2BUE4%2BRelease-4.16&UserID=db5a1a234809840c90fd919eb868f049%7Cf8b728c17a7441009f71ad6ca81ee1d3%7C007bce21-c6e1-4e85-8ce9-02e85e001e3d&AppEnvironment=datacollector-binary&UploadType=eteventstream] status=Processing
[2018.01.01-20.45.36:469][ 40]LogModuleManager: Shutting down and abandoning module SSL (40)
[2018.01.01-20.45.36:608][ 40]LogModuleManager: Shutting down and abandoning module HTTPChunkInstaller (36)
[2018.01.01-20.45.37:129][ 40]LogModuleManager: Shutting down and abandoning module AnimationModifiers (34)
[2018.01.01-20.45.37:396][ 40]LogModuleManager: Shutting down and abandoning module PropertyEditor (33)
[2018.01.01-20.45.37:396][ 40]LogModuleManager: Shutting down and abandoning module AudioEditor (30)
[2018.01.01-20.45.37:594][ 40]LogModuleManager: Shutting down and abandoning module TextureCompressor (28)
[2018.01.01-20.45.37:594][ 40]LogModuleManager: Shutting down and abandoning module ShaderCore (26)
[2018.01.01-20.45.37:594][ 40]LogModuleManager: Shutting down and abandoning module Landscape (24)
[2018.01.01-20.45.37:594][ 40]LogModuleManager: Shutting down and abandoning module SlateRHIRenderer (22)
[2018.01.01-20.45.39:171][ 40]LogModuleManager: Shutting down and abandoning module OpenGLDrv (20)
[2018.01.01-20.45.39:769][ 40]LogModuleManager: Shutting down and abandoning module D3D11RHI (18)
[2018.01.01-20.45.39:769][ 40]LogModuleManager: Shutting down and abandoning module AnimGraphRuntime (16)
[2018.01.01-20.45.40:295][ 40]LogModuleManager: Shutting down and abandoning module Renderer (14)
[2018.01.01-20.45.40:295][ 40]LogModuleManager: Shutting down and abandoning module Engine (12)
[2018.01.01-20.45.40:295][ 40]LogModuleManager: Shutting down and abandoning module CoreUObject (10)
[2018.01.01-20.45.40:295][ 40]LogModuleManager: Shutting down and abandoning module NetworkFile (8)
[2018.01.01-20.45.40:755][ 40]LogModuleManager: Shutting down and abandoning module StreamingFile (6)
[2018.01.01-20.45.40:776][ 40]LogModuleManager: Shutting down and abandoning module SandboxFile (4)
[2018.01.01-20.45.40:776][ 40]LogModuleManager: Shutting down and abandoning module PakFile (2)
[2018.01.01-20.45.41:147][ 40]LogExit: Exiting.
[2018.01.01-20.45.43:226][ 40]Log file closed, 01/01/18 15:45:43
